#
# There is insufficient memory for the Java Runtime Environment to continue.
# Native memory allocation (malloc) failed to allocate 875616 bytes for Chunk::new
# Possible reasons:
#   The system is out of physical RAM or swap space
#   The process is running with CompressedOops enabled, and the Java Heap may be blocking the growth of the native heap
# Possible solutions:
#   Reduce memory load on the system
#   Increase physical memory or swap space
#   Check if swap backing store is full
#   Decrease Java heap size (-Xmx/-Xms)
#   Decrease number of Java threads
#   Decrease Java thread stack sizes (-Xss)
#   Set larger code cache with -XX:ReservedCodeCacheSize=
#   JVM is running with Unscaled Compressed Oops mode in which the Java heap is
#     placed in the first 4GB address space. The Java Heap base address is the
#     maximum limit for the native heap growth. Please use -XX:HeapBaseMinAddress
#     to set the Java Heap base and to place the Java Heap above 4GB virtual address.
# This output file may be truncated or incomplete.
#
#  Out of Memory Error (allocation.cpp:389), pid=17860, tid=0x00000000000046f8
#
# JRE version: OpenJDK Runtime Environment (8.0_242-b01) (build 1.8.0_242-release-1644-b01)
# Java VM: OpenJDK 64-Bit Server VM (25.242-b01 mixed mode windows-amd64 compressed oops)
# Failed to write core dump. Minidumps are not enabled by default on client versions of Windows
#

---------------  T H R E A D  ---------------

Current thread (0x000000001a084000):  JavaThread "C2 CompilerThread2" daemon [_thread_in_native, id=18168, stack(0x000000001ab40000,0x000000001ac40000)]

Stack: [0x000000001ab40000,0x000000001ac40000]
[error occurred during error reporting (printing stack bounds), id 0xc0000005]

Native frames: (J=compiled Java code, j=interpreted, Vv=VM code, C=native code)


Current CompileTask:
C2:  17026 4737       4       com.sun.beans.TypeResolver::resolve (37 bytes)


---------------  P R O C E S S  ---------------

Java Threads: ( => current thread )
  0x000000001f7c0000 JavaThread "Cache worker for Build Output Cleanup Cache (C:\Users\ACER\Desktop\DailyRunning\.gradle\buildOutputCleanup)" [_thread_blocked, id=11184, stack(0x00000000291b0000,0x00000000292b0000)]
  0x000000001f7bf800 JavaThread "jar transforms Thread 94" [_thread_blocked, id=18068, stack(0x0000000028eb0000,0x0000000028fb0000)]
  0x000000001f7c4000 JavaThread "jar transforms Thread 93" [_thread_blocked, id=9788, stack(0x0000000028db0000,0x0000000028eb0000)]
  0x000000001f7c2800 JavaThread "jar transforms Thread 92" [_thread_blocked, id=18308, stack(0x0000000028cb0000,0x0000000028db0000)]
  0x000000001f7c1800 JavaThread "jar transforms Thread 91" [_thread_blocked, id=15004, stack(0x0000000028bb0000,0x0000000028cb0000)]
  0x000000001f7c1000 JavaThread "jar transforms Thread 90" [_thread_blocked, id=16200, stack(0x0000000028ab0000,0x0000000028bb0000)]
  0x000000001f7b7800 JavaThread "jar transforms Thread 89" [_thread_blocked, id=18116, stack(0x00000000289b0000,0x0000000028ab0000)]
  0x000000001f7be800 JavaThread "jar transforms Thread 88" [_thread_blocked, id=11960, stack(0x00000000288b0000,0x00000000289b0000)]
  0x000000001f7be000 JavaThread "jar transforms Thread 87" [_thread_blocked, id=17176, stack(0x00000000287b0000,0x00000000288b0000)]
  0x000000001f7b6000 JavaThread "jar transforms Thread 86" [_thread_blocked, id=7492, stack(0x00000000286b0000,0x00000000287b0000)]
  0x000000001f7bc800 JavaThread "jar transforms Thread 85" [_thread_blocked, id=15576, stack(0x00000000285b0000,0x00000000286b0000)]
  0x000000001f7b7000 JavaThread "jar transforms Thread 84" [_thread_blocked, id=11944, stack(0x00000000284b0000,0x00000000285b0000)]
  0x000000001f7bd000 JavaThread "jar transforms Thread 83" [_thread_blocked, id=16836, stack(0x00000000283b0000,0x00000000284b0000)]
  0x000000001f7bb800 JavaThread "jar transforms Thread 82" [_thread_blocked, id=13352, stack(0x00000000282b0000,0x00000000283b0000)]
  0x000000001f7ba000 JavaThread "jar transforms Thread 81" [_thread_blocked, id=9776, stack(0x00000000281b0000,0x00000000282b0000)]
  0x000000001f7b5800 JavaThread "jar transforms Thread 80" [_thread_blocked, id=17540, stack(0x00000000280b0000,0x00000000281b0000)]
  0x000000001f7b9000 JavaThread "jar transforms Thread 79" [_thread_blocked, id=13936, stack(0x0000000027fb0000,0x00000000280b0000)]
  0x000000001f7b4800 JavaThread "jar transforms Thread 78" [_thread_blocked, id=2960, stack(0x0000000027eb0000,0x0000000027fb0000)]
  0x000000001f7b8800 JavaThread "jar transforms Thread 77" [_thread_blocked, id=9600, stack(0x0000000027db0000,0x0000000027eb0000)]
  0x000000001f7bb000 JavaThread "jar transforms Thread 76" [_thread_blocked, id=11164, stack(0x0000000027cb0000,0x0000000027db0000)]
  0x000000001ff43800 JavaThread "jar transforms Thread 75" [_thread_blocked, id=7008, stack(0x0000000027bb0000,0x0000000027cb0000)]
  0x000000001ff43000 JavaThread "jar transforms Thread 74" [_thread_blocked, id=16104, stack(0x0000000027ab0000,0x0000000027bb0000)]
  0x000000001ff46000 JavaThread "jar transforms Thread 73" [_thread_blocked, id=8076, stack(0x00000000279b0000,0x0000000027ab0000)]
  0x000000001ff47000 JavaThread "jar transforms Thread 72" [_thread_blocked, id=1652, stack(0x00000000278b0000,0x00000000279b0000)]
  0x000000001ff45000 JavaThread "jar transforms Thread 71" [_thread_blocked, id=12788, stack(0x00000000277b0000,0x00000000278b0000)]
  0x000000001ff44800 JavaThread "jar transforms Thread 70" [_thread_blocked, id=9900, stack(0x00000000276b0000,0x00000000277b0000)]
  0x000000001ff3b800 JavaThread "jar transforms Thread 69" [_thread_blocked, id=7580, stack(0x00000000275b0000,0x00000000276b0000)]
  0x000000001ff3c000 JavaThread "jar transforms Thread 68" [_thread_blocked, id=8296, stack(0x00000000274b0000,0x00000000275b0000)]
  0x000000001ff42000 JavaThread "jar transforms Thread 67" [_thread_blocked, id=12452, stack(0x00000000273b0000,0x00000000274b0000)]
  0x000000001ff41800 JavaThread "jar transforms Thread 66" [_thread_blocked, id=11568, stack(0x00000000272b0000,0x00000000273b0000)]
  0x000000001ff3a800 JavaThread "jar transforms Thread 65" [_thread_blocked, id=17820, stack(0x00000000271b0000,0x00000000272b0000)]
  0x000000001ff40800 JavaThread "jar transforms Thread 64" [_thread_blocked, id=1196, stack(0x00000000270b0000,0x00000000271b0000)]
  0x000000001ff39000 JavaThread "jar transforms Thread 63" [_thread_blocked, id=7752, stack(0x0000000026fb0000,0x00000000270b0000)]
  0x000000001ff40000 JavaThread "jar transforms Thread 62" [_thread_blocked, id=3708, stack(0x0000000026eb0000,0x0000000026fb0000)]
  0x000000001ff38800 JavaThread "jar transforms Thread 61" [_thread_blocked, id=13484, stack(0x0000000026db0000,0x0000000026eb0000)]
  0x000000001ff3f000 JavaThread "jar transforms Thread 60" [_thread_blocked, id=12976, stack(0x0000000026cb0000,0x0000000026db0000)]
  0x000000001ff37800 JavaThread "jar transforms Thread 59" [_thread_blocked, id=13224, stack(0x0000000026bb0000,0x0000000026cb0000)]
  0x000000001ff3a000 JavaThread "jar transforms Thread 58" [_thread_blocked, id=8740, stack(0x0000000026ab0000,0x0000000026bb0000)]
  0x000000001ff3d800 JavaThread "jar transforms Thread 57" [_thread_blocked, id=10524, stack(0x00000000269b0000,0x0000000026ab0000)]
  0x000000001ff3d000 JavaThread "jar transforms Thread 56" [_thread_blocked, id=6948, stack(0x00000000268b0000,0x00000000269b0000)]
  0x000000001ff3e800 JavaThread "jar transforms Thread 55" [_thread_blocked, id=3196, stack(0x00000000267b0000,0x00000000268b0000)]
  0x000000001cf1c000 JavaThread "jar transforms Thread 54" [_thread_blocked, id=15692, stack(0x00000000266b0000,0x00000000267b0000)]
  0x000000001cf16800 JavaThread "jar transforms Thread 53" [_thread_blocked, id=5464, stack(0x00000000265b0000,0x00000000266b0000)]
  0x000000001cf1b000 JavaThread "jar transforms Thread 52" [_thread_blocked, id=10436, stack(0x00000000264b0000,0x00000000265b0000)]
  0x000000001cf18000 JavaThread "jar transforms Thread 51" [_thread_blocked, id=12084, stack(0x00000000263b0000,0x00000000264b0000)]
  0x000000001cf1a800 JavaThread "jar transforms Thread 50" [_thread_blocked, id=17492, stack(0x00000000262b0000,0x00000000263b0000)]
  0x000000001cf19800 JavaThread "jar transforms Thread 49" [_thread_blocked, id=14728, stack(0x00000000261b0000,0x00000000262b0000)]
  0x000000001cf18800 JavaThread "jar transforms Thread 48" [_thread_blocked, id=17184, stack(0x00000000260b0000,0x00000000261b0000)]
  0x000000001cf17000 JavaThread "jar transforms Thread 47" [_thread_blocked, id=6632, stack(0x0000000025fb0000,0x00000000260b0000)]
  0x000000001cf0f000 JavaThread "jar transforms Thread 46" [_thread_blocked, id=13836, stack(0x0000000025eb0000,0x0000000025fb0000)]
  0x000000001cf15800 JavaThread "jar transforms Thread 45" [_thread_blocked, id=10884, stack(0x0000000025db0000,0x0000000025eb0000)]
  0x000000001cf15000 JavaThread "jar transforms Thread 44" [_thread_blocked, id=2632, stack(0x0000000025cb0000,0x0000000025db0000)]
  0x000000001cf14000 JavaThread "jar transforms Thread 43" [_thread_blocked, id=10508, stack(0x0000000025bb0000,0x0000000025cb0000)]
  0x000000001cf13800 JavaThread "jar transforms Thread 42" [_thread_blocked, id=14476, stack(0x0000000025ab0000,0x0000000025bb0000)]
  0x000000001cf0c800 JavaThread "jar transforms Thread 41" [_thread_blocked, id=15668, stack(0x00000000259b0000,0x0000000025ab0000)]
  0x000000001cf0e000 JavaThread "jar transforms Thread 40" [_thread_blocked, id=6896, stack(0x00000000258b0000,0x00000000259b0000)]
  0x000000001cf12800 JavaThread "jar transforms Thread 39" [_thread_blocked, id=4624, stack(0x00000000257b0000,0x00000000258b0000)]
  0x000000001cf12000 JavaThread "jar transforms Thread 38" [_thread_blocked, id=16280, stack(0x00000000256b0000,0x00000000257b0000)]
  0x000000001cf0d800 JavaThread "jar transforms Thread 37" [_thread_blocked, id=5268, stack(0x00000000255b0000,0x00000000256b0000)]
  0x000000001cf11000 JavaThread "jar transforms Thread 36" [_thread_blocked, id=12372, stack(0x00000000254b0000,0x00000000255b0000)]
  0x000000001cf10800 JavaThread "jar transforms Thread 35" [_thread_blocked, id=9000, stack(0x00000000253b0000,0x00000000254b0000)]
  0x000000001cf0f800 JavaThread "jar transforms Thread 34" [_thread_blocked, id=16804, stack(0x00000000252b0000,0x00000000253b0000)]
  0x000000001cf9e800 JavaThread "jar transforms Thread 33" [_thread_blocked, id=9524, stack(0x00000000251b0000,0x00000000252b0000)]
  0x000000001cf9d000 JavaThread "jar transforms Thread 32" [_thread_blocked, id=13168, stack(0x00000000250b0000,0x00000000251b0000)]
  0x000000001cf9b800 JavaThread "jar transforms Thread 31" [_thread_blocked, id=8320, stack(0x0000000024fb0000,0x00000000250b0000)]
  0x000000001cf9a000 JavaThread "jar transforms Thread 30" [_thread_blocked, id=11212, stack(0x0000000024eb0000,0x0000000024fb0000)]
  0x000000001cf9a800 JavaThread "jar transforms Thread 29" [_thread_blocked, id=14988, stack(0x0000000024db0000,0x0000000024eb0000)]
  0x000000001cf9c000 JavaThread "jar transforms Thread 28" [_thread_blocked, id=8796, stack(0x0000000024cb0000,0x0000000024db0000)]
  0x000000001cf9d800 JavaThread "jar transforms Thread 27" [_thread_blocked, id=328, stack(0x0000000024bb0000,0x0000000024cb0000)]
  0x000000001cf92800 JavaThread "jar transforms Thread 26" [_thread_blocked, id=18364, stack(0x0000000024ab0000,0x0000000024bb0000)]
  0x000000001cf99000 JavaThread "jar transforms Thread 25" [_thread_blocked, id=1292, stack(0x00000000249b0000,0x0000000024ab0000)]
  0x000000001cf98800 JavaThread "jar transforms Thread 24" [_thread_blocked, id=14712, stack(0x00000000248b0000,0x00000000249b0000)]
  0x000000001cf97800 JavaThread "jar transforms Thread 23" [_thread_blocked, id=17544, stack(0x00000000247b0000,0x00000000248b0000)]
  0x000000001cf91000 JavaThread "jar transforms Thread 22" [_thread_blocked, id=16868, stack(0x00000000246b0000,0x00000000247b0000)]
  0x000000001cf97000 JavaThread "jar transforms Thread 21" [_thread_blocked, id=11684, stack(0x00000000245b0000,0x00000000246b0000)]
  0x000000001cf95800 JavaThread "jar transforms Thread 20" [_thread_blocked, id=2508, stack(0x00000000244b0000,0x00000000245b0000)]
  0x000000001cf94800 JavaThread "jar transforms Thread 19" [_thread_blocked, id=18276, stack(0x00000000243b0000,0x00000000244b0000)]
  0x000000001cf96000 JavaThread "jar transforms Thread 18" [_thread_blocked, id=18172, stack(0x00000000242b0000,0x00000000243b0000)]
  0x000000001cf94000 JavaThread "jar transforms Thread 17" [_thread_blocked, id=8388, stack(0x00000000241b0000,0x00000000242b0000)]
  0x000000001cf90000 JavaThread "jar transforms Thread 16" [_thread_blocked, id=12132, stack(0x00000000240b0000,0x00000000241b0000)]
  0x000000001cf91800 JavaThread "jar transforms Thread 15" [_thread_blocked, id=15284, stack(0x0000000023fb0000,0x00000000240b0000)]
  0x000000001cf8f800 JavaThread "jar transforms Thread 14" [_thread_blocked, id=13976, stack(0x0000000023eb0000,0x0000000023fb0000)]
  0x000000001cf93000 JavaThread "jar transforms Thread 13" [_thread_blocked, id=5476, stack(0x0000000023db0000,0x0000000023eb0000)]
  0x000000001f639800 JavaThread "jar transforms Thread 12" [_thread_blocked, id=16676, stack(0x0000000023cb0000,0x0000000023db0000)]
  0x000000001f638800 JavaThread "jar transforms Thread 11" [_thread_blocked, id=12268, stack(0x0000000023bb0000,0x0000000023cb0000)]
  0x000000001f638000 JavaThread "jar transforms Thread 10" [_thread_blocked, id=5456, stack(0x0000000023ab0000,0x0000000023bb0000)]
  0x000000001f630800 JavaThread "jar transforms Thread 9" [_thread_blocked, id=11140, stack(0x00000000239b0000,0x0000000023ab0000)]
  0x000000001f637000 JavaThread "jar transforms Thread 8" [_thread_blocked, id=14760, stack(0x00000000238b0000,0x00000000239b0000)]
  0x000000001f636800 JavaThread "jar transforms Thread 7" [_thread_blocked, id=16472, stack(0x00000000237b0000,0x00000000238b0000)]
  0x000000001f635800 JavaThread "jar transforms Thread 6" [_thread_blocked, id=10620, stack(0x00000000236b0000,0x00000000237b0000)]
  0x000000001f62e000 JavaThread "jar transforms Thread 5" [_thread_blocked, id=17696, stack(0x00000000235b0000,0x00000000236b0000)]
  0x000000001f62f800 JavaThread "jar transforms Thread 4" [_thread_blocked, id=7460, stack(0x00000000234b0000,0x00000000235b0000)]
  0x000000001f62f000 JavaThread "jar transforms Thread 3" [_thread_blocked, id=2132, stack(0x0000000022b00000,0x0000000022c00000)]
  0x000000001f635000 JavaThread "jar transforms Thread 2" [_thread_blocked, id=13908, stack(0x0000000022a00000,0x0000000022b00000)]
  0x000000001f62d800 JavaThread "Build operations Thread 8" [_thread_blocked, id=16328, stack(0x00000000233b0000,0x00000000234b0000)]
  0x000000001f634000 JavaThread "Build operations Thread 7" [_thread_blocked, id=16432, stack(0x00000000232b0000,0x00000000233b0000)]
  0x000000001f633800 JavaThread "Build operations Thread 6" [_thread_blocked, id=16716, stack(0x00000000231b0000,0x00000000232b0000)]
  0x000000001f632800 JavaThread "Build operations Thread 5" [_thread_blocked, id=3544, stack(0x00000000230b0000,0x00000000231b0000)]
  0x000000001f62b000 JavaThread "Build operations Thread 4" [_thread_blocked, id=17036, stack(0x0000000022fb0000,0x00000000230b0000)]
  0x000000001f62c000 JavaThread "Build operations Thread 3" [_thread_blocked, id=5900, stack(0x0000000022eb0000,0x0000000022fb0000)]
  0x000000001f632000 JavaThread "Build operations Thread 2" [_thread_blocked, id=1556, stack(0x0000000022db0000,0x0000000022eb0000)]
  0x000000001f62c800 JavaThread "Build operations" [_thread_blocked, id=16236, stack(0x0000000022cb0000,0x0000000022db0000)]
  0x000000001b26f000 JavaThread "Cache worker for file content cache (C:\Users\ACER\.gradle\caches\6.5\fileContent)" [_thread_blocked, id=13864, stack(0x0000000022300000,0x0000000022400000)]
  0x000000001b26e000 JavaThread "jar transforms" [_thread_blocked, id=6428, stack(0x0000000022200000,0x0000000022300000)]
  0x000000001b26d800 JavaThread "Cache worker for execution history cache (C:\Users\ACER\.gradle\caches\6.5\executionHistory)" [_thread_blocked, id=4060, stack(0x0000000021b00000,0x0000000021c00000)]
  0x000000001b26a800 JavaThread "Cache worker for cache directory md-rule (C:\Users\ACER\.gradle\caches\6.5\md-rule)" [_thread_blocked, id=12340, stack(0x0000000021a00000,0x0000000021b00000)]
  0x000000001b26c800 JavaThread "Cache worker for cache directory md-supplier (C:\Users\ACER\.gradle\caches\6.5\md-supplier)" [_thread_blocked, id=12628, stack(0x0000000021900000,0x0000000021a00000)]
  0x000000001b26f800 JavaThread "Cache worker for checksums cache (C:\Users\ACER\Desktop\DailyRunning\.gradle\checksums)" [_thread_blocked, id=17256, stack(0x0000000021800000,0x0000000021900000)]
  0x000000001b26c000 JavaThread "Cache worker for file hash cache (C:\Users\ACER\Desktop\DailyRunning\.gradle\6.5\fileHashes)" [_thread_blocked, id=9028, stack(0x0000000021500000,0x0000000021600000)]
  0x000000001b26b000 JavaThread "Cache worker for file hash cache (C:\Users\ACER\.gradle\caches\6.5\fileHashes)" [_thread_blocked, id=16404, stack(0x000000001f060000,0x000000001f160000)]
  0x000000001c91b800 JavaThread "File lock request listener" [_thread_in_native, id=7976, stack(0x000000001ef60000,0x000000001f060000)]
  0x000000001c914000 JavaThread "Cache worker for journal cache (C:\Users\ACER\.gradle\caches\journal-1)" [_thread_blocked, id=17580, stack(0x000000001ee60000,0x000000001ef60000)]
  0x000000001c45c000 JavaThread "Thread-9" [_thread_blocked, id=17432, stack(0x000000001eb60000,0x000000001ec60000)]
  0x000000001c45a800 JavaThread "Stdin handler" [_thread_blocked, id=16196, stack(0x000000001ea60000,0x000000001eb60000)]
  0x000000001c40e000 JavaThread "Asynchronous log dispatcher for DefaultDaemonConnection: socket connection from /127.0.0.1:59908 to /127.0.0.1:59909" [_thread_blocked, id=10636, stack(0x000000001e960000,0x000000001ea60000)]
  0x000000001c383000 JavaThread "Daemon worker" [_thread_in_Java, id=8164, stack(0x000000001e860000,0x000000001e960000)]
  0x000000001c381800 JavaThread "Cancel handler" [_thread_blocked, id=7036, stack(0x000000001e660000,0x000000001e760000)]
  0x000000001c8ba800 JavaThread "Handler for socket connection from /127.0.0.1:59908 to /127.0.0.1:59909" [_thread_in_native, id=11080, stack(0x000000001e560000,0x000000001e660000)]
  0x000000001c8b9000 JavaThread "Daemon" [_thread_blocked, id=7020, stack(0x000000001e460000,0x000000001e560000)]
  0x000000001c834000 JavaThread "Daemon periodic checks" [_thread_blocked, id=15280, stack(0x000000001e160000,0x000000001e260000)]
  0x000000001c842000 JavaThread "Incoming local TCP Connector on port 59908" [_thread_in_native, id=14232, stack(0x000000001df20000,0x000000001e020000)]
  0x000000001b1f1000 JavaThread "Daemon health stats" [_thread_blocked, id=13008, stack(0x000000001d8e0000,0x000000001d9e0000)]
  0x000000001a116800 JavaThread "Service Thread" daemon [_thread_blocked, id=17940, stack(0x000000001ad40000,0x000000001ae40000)]
  0x000000001a08a000 JavaThread "C1 CompilerThread3" daemon [_thread_blocked, id=6860, stack(0x000000001ac40000,0x000000001ad40000)]
=>0x000000001a084000 JavaThread "C2 CompilerThread2" daemon [_thread_in_native, id=18168, stack(0x000000001ab40000,0x000000001ac40000)]
  0x000000001825c000 JavaThread "C2 CompilerThread1" daemon [_thread_in_native, id=13748, stack(0x000000001aa40000,0x000000001ab40000)]
  0x000000001a076000 JavaThread "C2 CompilerThread0" daemon [_thread_in_native, id=12048, stack(0x000000001a940000,0x000000001aa40000)]
  0x000000001a074000 JavaThread "Attach Listener" daemon [_thread_blocked, id=1076, stack(0x000000001a840000,0x000000001a940000)]
  0x000000001a073000 JavaThread "Signal Dispatcher" daemon [_thread_blocked, id=8, stack(0x000000001a740000,0x000000001a840000)]
  0x00000000031dd800 JavaThread "Finalizer" daemon [_thread_blocked, id=15352, stack(0x000000001a540000,0x000000001a640000)]
  0x000000001824c800 JavaThread "Reference Handler" daemon [_thread_blocked, id=17272, stack(0x000000001a440000,0x000000001a540000)]
  0x00000000030dd800 JavaThread "main" [_thread_blocked, id=16896, stack(0x0000000002f30000,0x0000000003030000)]

Other Threads:
  0x0000000018248000 VMThread [stack: 0x0000000019f40000,0x000000001a040000] [id=17208]
  0x000000001a117800 WatcherThread [stack: 0x000000001ae40000,0x000000001af40000] [id=13360]

VM state:not at safepoint (normal execution)

VM Mutex/Monitor currently owned by a thread: None

heap address: 0x0000000080000000, size: 2048 MB, Compressed Oops mode: 32-bit
Narrow klass base: 0x0000000000000000, Narrow klass shift: 3
Compressed class space size: 1073741824 Address: 0x0000000100000000

Heap:
 PSYoungGen      total 152064K, used 150813K [0x00000000d5580000, 0x00000000e2b00000, 0x0000000100000000)
  eden space 139776K, 99% used [0x00000000d5580000,0x00000000ddccb2b0,0x00000000dde00000)
  from space 12288K, 99% used [0x00000000dde00000,0x00000000de9fc350,0x00000000dea00000)
  to   space 14336K, 0% used [0x00000000e1d00000,0x00000000e1d00000,0x00000000e2b00000)
 ParOldGen       total 59392K, used 16142K [0x0000000080000000, 0x0000000083a00000, 0x00000000d5580000)
  object space 59392K, 27% used [0x0000000080000000,0x0000000080fc3bc8,0x0000000083a00000)
 Metaspace       used 52083K, capacity 54148K, committed 54312K, reserved 1095680K
  class space    used 6982K, capacity 7431K, committed 7472K, reserved 1048576K

Card table byte_map: [0x00000000125a0000,0x00000000129b0000] byte_map_base: 0x00000000121a0000

Marking Bits: (ParMarkBitMap*) 0x000000006045f030
 Begin Bits: [0x0000000013460000, 0x0000000015460000)
 End Bits:   [0x0000000015460000, 0x0000000017460000)

Polling page: 0x0000000002ea0000

CodeCache: size=245760Kb used=15041Kb max_used=15041Kb free=230718Kb
 bounds [0x00000000031e0000, 0x00000000040a0000, 0x00000000121e0000]
 total_blobs=5212 nmethods=4450 adapters=675
 compilation: enabled

Compilation events (10 events):
Event: 16.986 Thread 0x000000001a08a000 4849       3       org.gradle.internal.instantiation.generator.AsmBackedClassGenerator$ClassBuilderImpl::lambda$addLazyGetter$5 (131 bytes)
Event: 16.987 Thread 0x000000001a08a000 nmethod 4849 0x000000000409b250 code [0x000000000409b4e0, 0x000000000409c5b8]
Event: 16.987 Thread 0x000000001a08a000 4850       3       java.lang.reflect.Executable::getDeclaredAnnotations (8 bytes)
Event: 16.987 Thread 0x000000001a08a000 nmethod 4850 0x0000000004096e50 code [0x0000000004096fe0, 0x0000000004097448]
Event: 17.016 Thread 0x000000001a08a000 4852       3       kotlin.sequences.SequencesKt___SequencesKt::map (27 bytes)
Event: 17.017 Thread 0x000000001a08a000 nmethod 4852 0x000000000409a7d0 code [0x000000000409a9a0, 0x000000000409af78]
Event: 17.017 Thread 0x000000001a08a000 4853       3       kotlin.sequences.TransformingSequence::<init> (27 bytes)
Event: 17.018 Thread 0x000000001a08a000 nmethod 4853 0x0000000004096790 code [0x0000000004096920, 0x0000000004096cb8]
Event: 17.018 Thread 0x000000001a08a000 4854       3       sun.reflect.generics.repository.GenericDeclRepository::<init> (7 bytes)
Event: 17.018 Thread 0x000000001a08a000 nmethod 4854 0x000000000409a210 code [0x000000000409a380, 0x000000000409a688]

GC Heap History (10 events):
Event: 6.869 GC heap before
{Heap before GC invocations=9 (full 1):
 PSYoungGen      total 105472K, used 3092K [0x00000000d5580000, 0x00000000dc580000, 0x0000000100000000)
  eden space 96256K, 0% used [0x00000000d5580000,0x00000000d5580000,0x00000000db380000)
  from space 9216K, 33% used [0x00000000dbc80000,0x00000000dbf85040,0x00000000dc580000)
  to   space 9216K, 0% used [0x00000000db380000,0x00000000db380000,0x00000000dbc80000)
 ParOldGen       total 65536K, used 7515K [0x0000000080000000, 0x0000000084000000, 0x00000000d5580000)
  object space 65536K, 11% used [0x0000000080000000,0x0000000080756e18,0x0000000084000000)
 Metaspace       used 20561K, capacity 21212K, committed 21296K, reserved 1067008K
  class space    used 2874K, capacity 3076K, committed 3120K, reserved 1048576K
Event: 6.930 GC heap after
Heap after GC invocations=9 (full 1):
 PSYoungGen      total 105472K, used 0K [0x00000000d5580000, 0x00000000dc580000, 0x0000000100000000)
  eden space 96256K, 0% used [0x00000000d5580000,0x00000000d5580000,0x00000000db380000)
  from space 9216K, 0% used [0x00000000dbc80000,0x00000000dbc80000,0x00000000dc580000)
  to   space 9216K, 0% used [0x00000000db380000,0x00000000db380000,0x00000000dbc80000)
 ParOldGen       total 39424K, used 6752K [0x0000000080000000, 0x0000000082680000, 0x00000000d5580000)
  object space 39424K, 17% used [0x0000000080000000,0x0000000080698360,0x0000000082680000)
 Metaspace       used 20561K, capacity 21212K, committed 21296K, reserved 1067008K
  class space    used 2874K, capacity 3076K, committed 3120K, reserved 1048576K
}
Event: 9.220 GC heap before
{Heap before GC invocations=10 (full 1):
 PSYoungGen      total 105472K, used 96256K [0x00000000d5580000, 0x00000000dc580000, 0x0000000100000000)
  eden space 96256K, 100% used [0x00000000d5580000,0x00000000db380000,0x00000000db380000)
  from space 9216K, 0% used [0x00000000dbc80000,0x00000000dbc80000,0x00000000dc580000)
  to   space 9216K, 0% used [0x00000000db380000,0x00000000db380000,0x00000000dbc80000)
 ParOldGen       total 39424K, used 6752K [0x0000000080000000, 0x0000000082680000, 0x00000000d5580000)
  object space 39424K, 17% used [0x0000000080000000,0x0000000080698360,0x0000000082680000)
 Metaspace       used 31233K, capacity 32162K, committed 32432K, reserved 1077248K
  class space    used 4240K, capacity 4466K, committed 4528K, reserved 1048576K
Event: 9.250 GC heap after
Heap after GC invocations=10 (full 1):
 PSYoungGen      total 105472K, used 9200K [0x00000000d5580000, 0x00000000df600000, 0x0000000100000000)
  eden space 96256K, 0% used [0x00000000d5580000,0x00000000d5580000,0x00000000db380000)
  from space 9216K, 99% used [0x00000000db380000,0x00000000dbc7c188,0x00000000dbc80000)
  to   space 11264K, 0% used [0x00000000deb00000,0x00000000deb00000,0x00000000df600000)
 ParOldGen       total 39424K, used 8816K [0x0000000080000000, 0x0000000082680000, 0x00000000d5580000)
  object space 39424K, 22% used [0x0000000080000000,0x000000008089c3b0,0x0000000082680000)
 Metaspace       used 31233K, capacity 32162K, committed 32432K, reserved 1077248K
  class space    used 4240K, capacity 4466K, committed 4528K, reserved 1048576K
}
Event: 10.753 GC heap before
{Heap before GC invocations=11 (full 1):
 PSYoungGen      total 105472K, used 71445K [0x00000000d5580000, 0x00000000df600000, 0x0000000100000000)
  eden space 96256K, 64% used [0x00000000d5580000,0x00000000d92493f0,0x00000000db380000)
  from space 9216K, 99% used [0x00000000db380000,0x00000000dbc7c188,0x00000000dbc80000)
  to   space 11264K, 0% used [0x00000000deb00000,0x00000000deb00000,0x00000000df600000)
 ParOldGen       total 39424K, used 8816K [0x0000000080000000, 0x0000000082680000, 0x00000000d5580000)
  object space 39424K, 22% used [0x0000000080000000,0x000000008089c3b0,0x0000000082680000)
 Metaspace       used 34307K, capacity 35402K, committed 35496K, reserved 1079296K
  class space    used 4722K, capacity 5002K, committed 5040K, reserved 1048576K
Event: 10.767 GC heap after
Heap after GC invocations=11 (full 1):
 PSYoungGen      total 151040K, used 9579K [0x00000000d5580000, 0x00000000df600000, 0x0000000100000000)
  eden space 139776K, 0% used [0x00000000d5580000,0x00000000d5580000,0x00000000dde00000)
  from space 11264K, 85% used [0x00000000deb00000,0x00000000df45ac60,0x00000000df600000)
  to   space 12288K, 0% used [0x00000000dde00000,0x00000000dde00000,0x00000000dea00000)
 ParOldGen       total 39424K, used 8824K [0x0000000080000000, 0x0000000082680000, 0x00000000d5580000)
  object space 39424K, 22% used [0x0000000080000000,0x000000008089e3b0,0x0000000082680000)
 Metaspace       used 34307K, capacity 35402K, committed 35496K, reserved 1079296K
  class space    used 4722K, capacity 5002K, committed 5040K, reserved 1048576K
}
Event: 10.767 GC heap before
{Heap before GC invocations=12 (full 2):
 PSYoungGen      total 151040K, used 9579K [0x00000000d5580000, 0x00000000df600000, 0x0000000100000000)
  eden space 139776K, 0% used [0x00000000d5580000,0x00000000d5580000,0x00000000dde00000)
  from space 11264K, 85% used [0x00000000deb00000,0x00000000df45ac60,0x00000000df600000)
  to   space 12288K, 0% used [0x00000000dde00000,0x00000000dde00000,0x00000000dea00000)
 ParOldGen       total 39424K, used 8824K [0x0000000080000000, 0x0000000082680000, 0x00000000d5580000)
  object space 39424K, 22% used [0x0000000080000000,0x000000008089e3b0,0x0000000082680000)
 Metaspace       used 34307K, capacity 35402K, committed 35496K, reserved 1079296K
  class space    used 4722K, capacity 5002K, committed 5040K, reserved 1048576K
Event: 10.845 GC heap after
Heap after GC invocations=12 (full 2):
 PSYoungGen      total 151040K, used 0K [0x00000000d5580000, 0x00000000df600000, 0x0000000100000000)
  eden space 139776K, 0% used [0x00000000d5580000,0x00000000d5580000,0x00000000dde00000)
  from space 11264K, 0% used [0x00000000deb00000,0x00000000deb00000,0x00000000df600000)
  to   space 12288K, 0% used [0x00000000dde00000,0x00000000dde00000,0x00000000dea00000)
 ParOldGen       total 59392K, used 15816K [0x0000000080000000, 0x0000000083a00000, 0x00000000d5580000)
  object space 59392K, 26% used [0x0000000080000000,0x0000000080f72308,0x0000000083a00000)
 Metaspace       used 34307K, capacity 35402K, committed 35496K, reserved 1079296K
  class space    used 4722K, capacity 5002K, committed 5040K, reserved 1048576K
}
Event: 13.871 GC heap before
{Heap before GC invocations=13 (full 2):
 PSYoungGen      total 151040K, used 139776K [0x00000000d5580000, 0x00000000df600000, 0x0000000100000000)
  eden space 139776K, 100% used [0x00000000d5580000,0x00000000dde00000,0x00000000dde00000)
  from space 11264K, 0% used [0x00000000deb00000,0x00000000deb00000,0x00000000df600000)
  to   space 12288K, 0% used [0x00000000dde00000,0x00000000dde00000,0x00000000dea00000)
 ParOldGen       total 59392K, used 15816K [0x0000000080000000, 0x0000000083a00000, 0x00000000d5580000)
  object space 59392K, 26% used [0x0000000080000000,0x0000000080f72308,0x0000000083a00000)
 Metaspace       used 40634K, capacity 42458K, committed 42664K, reserved 1085440K
  class space    used 5587K, capacity 6013K, committed 6064K, reserved 1048576K
Event: 13.895 GC heap after
Heap after GC invocations=13 (full 2):
 PSYoungGen      total 152064K, used 12272K [0x00000000d5580000, 0x00000000e2b00000, 0x0000000100000000)
  eden space 139776K, 0% used [0x00000000d5580000,0x00000000d5580000,0x00000000dde00000)
  from space 12288K, 99% used [0x00000000dde00000,0x00000000de9fc350,0x00000000dea00000)
  to   space 14336K, 0% used [0x00000000e1d00000,0x00000000e1d00000,0x00000000e2b00000)
 ParOldGen       total 59392K, used 16142K [0x0000000080000000, 0x0000000083a00000, 0x00000000d5580000)
  object space 59392K, 27% used [0x0000000080000000,0x0000000080fc3bc8,0x0000000083a00000)
 Metaspace       used 40634K, capacity 42458K, committed 42664K, reserved 1085440K
  class space    used 5587K, capacity 6013K, committed 6064K, reserved 1048576K
}

Deoptimization events (10 events):
Event: 16.037 Thread 0x000000001c383000 Uncommon trap: reason=unstable_if action=reinterpret pc=0x000000000365de34 method=com.sun.org.apache.xerces.internal.impl.XMLEntityScanner.checkBeforeLoad(Lcom/sun/xml/internal/stream/Entity$ScannedEntity;II)I @ 18
Event: 16.179 Thread 0x000000001c383000 Uncommon trap: reason=unstable_if action=reinterpret pc=0x0000000003357bec method=org.gradle.internal.instantiation.generator.AbstractClassGenerator$InjectionAnnotationValidator.validateMethod(Ljava/lang/reflect/Method;Lorg/gradle/internal/reflect/Propert
Event: 16.179 Thread 0x000000001c383000 Uncommon trap: reason=unstable_if action=reinterpret pc=0x00000000037a452c method=org.gradle.internal.instantiation.generator.AbstractClassGenerator$InjectionAnnotationValidator.validateMethod(Ljava/lang/reflect/Method;Lorg/gradle/internal/reflect/Propert
Event: 16.311 Thread 0x000000001c383000 Uncommon trap: reason=null_check action=make_not_entrant pc=0x0000000003997b04 method=java.lang.Class.searchMethods([Ljava/lang/reflect/Method;Ljava/lang/String;[Ljava/lang/Class;)Ljava/lang/reflect/Method; @ 59
Event: 16.418 Thread 0x000000001c383000 Uncommon trap: reason=class_check action=maybe_recompile pc=0x00000000039367dc method=java.util.WeakHashMap.eq(Ljava/lang/Object;Ljava/lang/Object;)Z @ 7
Event: 16.552 Thread 0x000000001c383000 Uncommon trap: reason=unstable_if action=reinterpret pc=0x0000000004025b98 method=groovy.lang.MetaClassImpl.checkIfStdMethod(Lgroovy/lang/MetaMethod;)V @ 55
Event: 16.593 Thread 0x000000001c383000 Uncommon trap: reason=unstable_if action=reinterpret pc=0x0000000003da4a44 method=org.codehaus.groovy.runtime.metaclass.MetaMethodIndex.isNonRealMethod(Lgroovy/lang/MetaMethod;)Z @ 4
Event: 16.594 Thread 0x000000001c383000 Uncommon trap: reason=unstable_if action=reinterpret pc=0x0000000003cb6650 method=groovy.lang.MetaClassImpl$1MOPIter.methodNameAction(Ljava/lang/Class;Lorg/codehaus/groovy/runtime/metaclass/MetaMethodIndex$Entry;)V @ 182
Event: 16.619 Thread 0x000000001c383000 Uncommon trap: reason=unstable_if action=reinterpret pc=0x0000000003e98990 method=java.lang.ClassLoader.checkCerts(Ljava/lang/String;Ljava/security/CodeSource;)V @ 29
Event: 16.637 Thread 0x000000001c383000 Uncommon trap: reason=class_check action=maybe_recompile pc=0x00000000039367dc method=java.util.WeakHashMap.eq(Ljava/lang/Object;Ljava/lang/Object;)Z @ 7

Classes redefined (0 events):
No events

Internal exceptions (10 events):
Event: 16.636 Thread 0x000000001c383000 Exception <a 'java/lang/ClassNotFoundException': org/gradle/api/internal/plugins/DefaultPluginCollectionCustomizer> (0x00000000dcd0a4f0) thrown at [C:\src\AOSP-openjdk-git\hotspot\src\share\vm\classfile\systemDictionary.cpp, line 210]
Event: 16.640 Thread 0x000000001c383000 Exception <a 'java/lang/ClassNotFoundException': org/gradle/api/internal/plugins/DefaultPluginContainerCustomizer> (0x00000000dcd7a0a0) thrown at [C:\src\AOSP-openjdk-git\hotspot\src\share\vm\classfile\systemDictionary.cpp, line 210]
Event: 16.660 Thread 0x000000001c383000 Exception <a 'java/lang/ClassNotFoundException': org/gradle/api/internal/DefaultDomainObjectSet_DecoratedBeanInfo> (0x00000000dcfd8888) thrown at [C:\src\AOSP-openjdk-git\hotspot\src\share\vm\classfile\systemDictionary.cpp, line 210]
Event: 16.662 Thread 0x000000001c383000 Exception <a 'java/lang/ClassNotFoundException': org/gradle/api/internal/DefaultDomainObjectSet_DecoratedCustomizer> (0x00000000dd019090) thrown at [C:\src\AOSP-openjdk-git\hotspot\src\share\vm\classfile\systemDictionary.cpp, line 210]
Event: 16.683 Thread 0x000000001c383000 Exception <a 'java/lang/ClassNotFoundException': groovy/lang/GString$1BeanInfo> (0x00000000dd114dd0) thrown at [C:\src\AOSP-openjdk-git\hotspot\src\share\vm\classfile\systemDictionary.cpp, line 210]
Event: 16.683 Thread 0x000000001c383000 Exception <a 'java/lang/ClassNotFoundException': groovy/lang/GStringBeanInfo> (0x00000000dd13c8a0) thrown at [C:\src\AOSP-openjdk-git\hotspot\src\share\vm\classfile\systemDictionary.cpp, line 210]
Event: 16.684 Thread 0x000000001c383000 Exception <a 'java/lang/ClassNotFoundException': groovy/lang/GStringCustomizer> (0x00000000dd165000) thrown at [C:\src\AOSP-openjdk-git\hotspot\src\share\vm\classfile\systemDictionary.cpp, line 210]
Event: 16.686 Thread 0x000000001c383000 Exception <a 'java/lang/ClassNotFoundException': groovy/lang/GString$1Customizer> (0x00000000dd199a50) thrown at [C:\src\AOSP-openjdk-git\hotspot\src\share\vm\classfile\systemDictionary.cpp, line 210]
Event: 16.690 Thread 0x000000001c383000 Exception <a 'java/lang/ClassNotFoundException': org/codehaus/groovy/runtime/GStringImplBeanInfo> (0x00000000dd250880) thrown at [C:\src\AOSP-openjdk-git\hotspot\src\share\vm\classfile\systemDictionary.cpp, line 210]
Event: 16.692 Thread 0x000000001c383000 Exception <a 'java/lang/ClassNotFoundException': org/codehaus/groovy/runtime/GStringImplCustomizer> (0x00000000dd285258) thrown at [C:\src\AOSP-openjdk-git\hotspot\src\share\vm\classfile\systemDictionary.cpp, line 210]

Events (10 events):
Event: 17.015 loading class com/android/build/gradle/internal/core/VariantDslInfoImpl$versionCode$versionCodeFromFlavors$1
Event: 17.015 loading class com/android/build/gradle/internal/core/VariantDslInfoImpl$versionCode$versionCodeFromFlavors$1 done
Event: 17.017 loading class com/android/build/gradle/internal/core/VariantDslInfoImpl$versionCode$3
Event: 17.017 loading class com/android/build/gradle/internal/core/VariantDslInfoImpl$versionCode$3 done
Event: 17.018 loading class com/android/build/gradle/internal/core/VariantDslInfoImpl$versionName$versionNameFromFlavors$1
Event: 17.018 loading class com/android/build/gradle/internal/core/VariantDslInfoImpl$versionName$versionNameFromFlavors$1 done
Event: 17.020 loading class com/android/build/gradle/internal/core/VariantDslInfoImpl$versionName$3
Event: 17.020 loading class com/android/build/gradle/internal/core/VariantDslInfoImpl$versionName$3 done
Event: 17.022 loading class com/android/build/api/variant/impl/VariantOutputConfigurationImplKt
Event: 17.022 loading class com/android/build/api/variant/impl/VariantOutputConfigurationImplKt done


Dynamic libraries:
0x00007ff7b2c00000 - 0x00007ff7b2c31000 	E:\AS\jre\bin\java.exe
0x00007ff8bab00000 - 0x00007ff8bacf0000 	C:\WINDOWS\SYSTEM32\ntdll.dll
0x00007ff8b9f60000 - 0x00007ff8ba012000 	C:\WINDOWS\System32\KERNEL32.DLL
0x00007ff8b7c40000 - 0x00007ff8b7ee5000 	C:\WINDOWS\System32\KERNELBASE.dll
0x00007ff8ba630000 - 0x00007ff8ba6d3000 	C:\WINDOWS\System32\ADVAPI32.dll
0x00007ff8ba790000 - 0x00007ff8ba82e000 	C:\WINDOWS\System32\msvcrt.dll
0x00007ff8ba020000 - 0x00007ff8ba0b7000 	C:\WINDOWS\System32\sechost.dll
0x00007ff8ba1c0000 - 0x00007ff8ba2e0000 	C:\WINDOWS\System32\RPCRT4.dll
0x00007ff8ba490000 - 0x00007ff8ba625000 	C:\WINDOWS\System32\USER32.dll
0x00007ff8b7ef0000 - 0x00007ff8b7f11000 	C:\WINDOWS\System32\win32u.dll
0x00007ff8b8de0000 - 0x00007ff8b8e06000 	C:\WINDOWS\System32\GDI32.dll
0x00007ff8b8970000 - 0x00007ff8b8b06000 	C:\WINDOWS\System32\gdi32full.dll
0x00007ff8b8b10000 - 0x00007ff8b8bae000 	C:\WINDOWS\System32\msvcp_win.dll
0x00007ff8b80f0000 - 0x00007ff8b81ea000 	C:\WINDOWS\System32\ucrtbase.dll
0x00007ff8a1fa0000 - 0x00007ff8a2224000 	C:\WINDOWS\WinSxS\amd64_microsoft.windows.common-controls_6595b64144ccf1df_6.0.18362.1082_none_9e8193e1e45b25c1\COMCTL32.dll
0x00007ff8b9530000 - 0x00007ff8b9865000 	C:\WINDOWS\System32\combase.dll
0x00007ff8b7f20000 - 0x00007ff8b7fa0000 	C:\WINDOWS\System32\bcryptPrimitives.dll
0x00007ff8b8c60000 - 0x00007ff8b8c8e000 	C:\WINDOWS\System32\IMM32.DLL
0x000000005fbb0000 - 0x000000005fc82000 	E:\AS\jre\jre\bin\msvcr100.dll
0x000000005fc90000 - 0x00000000604db000 	E:\AS\jre\jre\bin\server\jvm.dll
0x00007ff8ba340000 - 0x00007ff8ba348000 	C:\WINDOWS\System32\PSAPI.DLL
0x00007ff8b1260000 - 0x00007ff8b126a000 	C:\WINDOWS\SYSTEM32\VERSION.dll
0x00007ff8a4a30000 - 0x00007ff8a4a54000 	C:\WINDOWS\SYSTEM32\WINMM.dll
0x00007ff8afcc0000 - 0x00007ff8afcc9000 	C:\WINDOWS\SYSTEM32\WSOCK32.dll
0x00007ff8ada90000 - 0x00007ff8adabd000 	C:\WINDOWS\SYSTEM32\WINMMBASE.dll
0x00007ff8b7bd0000 - 0x00007ff8b7c1a000 	C:\WINDOWS\System32\cfgmgr32.dll
0x00007ff8ba0d0000 - 0x00007ff8ba13f000 	C:\WINDOWS\System32\WS2_32.dll
0x00007ff8afcb0000 - 0x00007ff8afcbf000 	E:\AS\jre\jre\bin\verify.dll
0x00007ff894650000 - 0x00007ff894679000 	E:\AS\jre\jre\bin\java.dll
0x00007ff896710000 - 0x00007ff896726000 	E:\AS\jre\jre\bin\zip.dll
0x00007ff8b9870000 - 0x00007ff8b9f57000 	C:\WINDOWS\System32\SHELL32.dll
0x00007ff8ba6e0000 - 0x00007ff8ba789000 	C:\WINDOWS\System32\shcore.dll
0x00007ff8b81f0000 - 0x00007ff8b8970000 	C:\WINDOWS\System32\windows.storage.dll
0x00007ff8b79d0000 - 0x00007ff8b79f3000 	C:\WINDOWS\System32\profapi.dll
0x00007ff8b7a00000 - 0x00007ff8b7a4a000 	C:\WINDOWS\System32\powrprof.dll
0x00007ff8b79c0000 - 0x00007ff8b79d0000 	C:\WINDOWS\System32\UMPDC.dll
0x00007ff8b8fd0000 - 0x00007ff8b9022000 	C:\WINDOWS\System32\shlwapi.dll
0x00007ff8b7a50000 - 0x00007ff8b7a61000 	C:\WINDOWS\System32\kernel.appcore.dll
0x00007ff8b7c20000 - 0x00007ff8b7c37000 	C:\WINDOWS\System32\cryptsp.dll
0x00007ff894630000 - 0x00007ff89464a000 	E:\AS\jre\jre\bin\net.dll
0x00007ff8b71b0000 - 0x00007ff8b7217000 	C:\WINDOWS\system32\mswsock.dll
0x00007ff894610000 - 0x00007ff894623000 	E:\AS\jre\jre\bin\nio.dll
0x00007ff89df00000 - 0x00007ff89df27000 	C:\Users\ACER\.gradle\native\f6784746aeab05261644944871eae4fe03e0ef1612fff0a4a95f87b438bc6780\windows-amd64\native-platform.dll
0x00007ff8ad7a0000 - 0x00007ff8ad7ad000 	E:\AS\jre\jre\bin\management.dll
0x00007ff8b6d20000 - 0x00007ff8b6d53000 	C:\WINDOWS\system32\rsaenh.dll
0x00007ff8b7af0000 - 0x00007ff8b7b16000 	C:\WINDOWS\System32\bcrypt.dll
0x00007ff8b78e0000 - 0x00007ff8b7905000 	C:\WINDOWS\SYSTEM32\USERENV.dll
0x00007ff8b7380000 - 0x00007ff8b738c000 	C:\WINDOWS\SYSTEM32\CRYPTBASE.dll
0x00007ff8b6ec0000 - 0x00007ff8b6efa000 	C:\WINDOWS\SYSTEM32\IPHLPAPI.DLL
0x00007ff8b8fc0000 - 0x00007ff8b8fc8000 	C:\WINDOWS\System32\NSI.dll
0x00007ff8b1910000 - 0x00007ff8b1926000 	C:\WINDOWS\SYSTEM32\dhcpcsvc6.DLL
0x00007ff8b13e0000 - 0x00007ff8b13fc000 	C:\WINDOWS\SYSTEM32\dhcpcsvc.DLL
0x00007ff8b6f00000 - 0x00007ff8b6fcb000 	C:\WINDOWS\SYSTEM32\DNSAPI.dll
0x00007ff8b1970000 - 0x00007ff8b197b000 	C:\WINDOWS\SYSTEM32\WINNSI.DLL

VM Arguments:
jvm_args: -Xmx2048m -Dfile.encoding=UTF-8 -Duser.country=US -Duser.language=en -Duser.variant 
java_command: org.gradle.launcher.daemon.bootstrap.GradleDaemon 6.5
java_class_path (initial): C:\Users\ACER\.gradle\wrapper\dists\gradle-6.5-all\2oz4ud9k3tuxjg84bbf55q0tn\gradle-6.5\lib\gradle-launcher-6.5.jar
Launcher Type: SUN_STANDARD

Environment Variables:
PATH=C:\Python37;C:\Python37\Scripts;C:\Program Files\Microsoft MPI\Bin\;C:\WINDOWS\system32;C:\WINDOWS;C:\WINDOWS\System32\Wbem;C:\WINDOWS\System32\WindowsPowerShell\v1.0\;C:\WINDOWS\System32\OpenSSH\;C:\Program Files\dotnet\;C:\Program Files\Microsoft SQL Server\Client SDK\ODBC\110\Tools\Binn\;C:\Program Files\Microsoft SQL Server\Client SDK\ODBC\170\Tools\Binn\;C:\Program Files\Microsoft SQL Server\Client SDK\ODBC\130\Tools\Binn\;C:\Program Files (x86)\Microsoft SQL Server\140\Tools\Binn\;C:\Program Files\Microsoft SQL Server\140\Tools\Binn\;C:\Program Files\Microsoft SQL Server\140\DTS\Binn\;C:\Program Files (x86)\Microsoft SQL Server\150\DTS\Binn\;C:\Program Files\Azure Data Studio\bin;E:\Git\cmd;C:\Program Files\nodejs\;C:\Program Files\Microsoft SQL Server\130\Tools\Binn\;C:\Users\ACER\vcpkg;E:\flutter\bin;C:\Users\ACER\AppData\Roaming\npm;C:\Users\ACER\AppData\Local\Programs\Microsoft VS Code\bin
USERNAME=ACER
OS=Windows_NT
PROCESSOR_IDENTIFIER=AMD64 Family 23 Model 24 Stepping 1, AuthenticAMD



---------------  S Y S T E M  ---------------

OS: Windows 10.0 , 64 bit Build 18362 (10.0.18362.1082)

CPU:total 8 (initial active 8) (8 cores per cpu, 1 threads per core) family 23 model 24 stepping 1, cmov, cx8, fxsr, mmx, sse, sse2, sse3, ssse3, sse4.1, sse4.2, popcnt, avx, avx2, aes, clmul, mmxext, 3dnowpref, lzcnt, sse4a, tsc, tscinvbit, tscinv, bmi1

Memory: 4k page, physical 6228620k(397852k free), swap 14937992k(5612k free)

vm_info: OpenJDK 64-Bit Server VM (25.242-b01) for windows-amd64 JRE (1.8.0_242-release-1644-b01), built by "builder" with MS VC++ 10.0 (VS2010)

time: Mon May 03 17:02:50 2021
timezone: SE Asia Standard Time
elapsed time: 17 seconds (0d 0h 0m 17s)

