#
# There is insufficient memory for the Java Runtime Environment to continue.
# Native memory allocation (malloc) failed to allocate 1049456 bytes for Chunk::new
# Possible reasons:
#   The system is out of physical RAM or swap space
#   The process is running with CompressedOops enabled, and the Java Heap may be blocking the growth of the native heap
# Possible solutions:
#   Reduce memory load on the system
#   Increase physical memory or swap space
#   Check if swap backing store is full
#   Decrease Java heap size (-Xmx/-Xms)
#   Decrease number of Java threads
#   Decrease Java thread stack sizes (-Xss)
#   Set larger code cache with -XX:ReservedCodeCacheSize=
#   JVM is running with Unscaled Compressed Oops mode in which the Java heap is
#     placed in the first 4GB address space. The Java Heap base address is the
#     maximum limit for the native heap growth. Please use -XX:HeapBaseMinAddress
#     to set the Java Heap base and to place the Java Heap above 4GB virtual address.
# This output file may be truncated or incomplete.
#
#  Out of Memory Error (allocation.cpp:389), pid=5528, tid=0x0000000000001380
#
# JRE version: OpenJDK Runtime Environment (8.0_242-b01) (build 1.8.0_242-release-1644-b01)
# Java VM: OpenJDK 64-Bit Server VM (25.242-b01 mixed mode windows-amd64 compressed oops)
# Failed to write core dump. Minidumps are not enabled by default on client versions of Windows
#

---------------  T H R E A D  ---------------

Current thread (0x000000001a248000):  JavaThread "C2 CompilerThread1" daemon [_thread_in_native, id=4992, stack(0x000000001ac10000,0x000000001ad10000)]

Stack: [0x000000001ac10000,0x000000001ad10000]
[error occurred during error reporting (printing stack bounds), id 0xc0000005]

Native frames: (J=compiled Java code, j=interpreted, Vv=VM code, C=native code)


Current CompileTask:
C2:  19104 8887       4       com.android.utils.XmlUtils::append (639 bytes)


---------------  P R O C E S S  ---------------

Java Threads: ( => current thread )
  0x000000001a41b800 JavaThread "stdout" [_thread_in_native, id=18200, stack(0x000000002f1d0000,0x000000002f2d0000)]
  0x000000001a417800 JavaThread "stderr" [_thread_in_native, id=500, stack(0x000000002f0d0000,0x000000002f1d0000)]
  0x000000001a416000 JavaThread "stdout" [_thread_in_native, id=13616, stack(0x000000002efd0000,0x000000002f0d0000)]
  0x000000001a41a800 JavaThread "stderr" [_thread_in_native, id=7440, stack(0x000000002eed0000,0x000000002efd0000)]
  0x000000001a417000 JavaThread "stdout" [_thread_in_native, id=2324, stack(0x000000002edd0000,0x000000002eed0000)]
  0x000000001a41a000 JavaThread "stderr" [_thread_in_native, id=15388, stack(0x000000002ecd0000,0x000000002edd0000)]
  0x000000001a419000 JavaThread "stdout" [_thread_in_native, id=12136, stack(0x000000002ebd0000,0x000000002ecd0000)]
  0x000000001a418800 JavaThread "stderr" [_thread_in_native, id=2000, stack(0x000000002ead0000,0x000000002ebd0000)]
  0x000000001a410000 JavaThread "stdout" [_thread_in_native, id=5168, stack(0x000000002e9d0000,0x000000002ead0000)]
  0x000000001a40e800 JavaThread "stderr" [_thread_in_native, id=2744, stack(0x000000002e8d0000,0x000000002e9d0000)]
  0x000000001a415800 JavaThread "stdout" [_thread_in_native, id=11604, stack(0x000000002e7d0000,0x000000002e8d0000)]
  0x000000001a40d800 JavaThread "stderr" [_thread_in_native, id=8812, stack(0x000000002e6d0000,0x000000002e7d0000)]
  0x000000001a414800 JavaThread "stdout" [_thread_in_native, id=9064, stack(0x000000002e5d0000,0x000000002e6d0000)]
  0x000000001a40d000 JavaThread "stderr" [_thread_in_native, id=484, stack(0x000000002e4d0000,0x000000002e5d0000)]
  0x000000001a410800 JavaThread "pool-2-thread-1" [_thread_blocked, id=1952, stack(0x000000002e1d0000,0x000000002e2d0000)]
  0x000000001a40c000 JavaThread "WorkerExecutor Queue Thread 8" [_thread_blocked, id=9660, stack(0x000000002d780000,0x000000002d880000)]
  0x000000001a413000 JavaThread "WorkerExecutor Queue Thread 7" [_thread_blocked, id=7564, stack(0x000000002e0d0000,0x000000002e1d0000)]
  0x000000001a412000 JavaThread "WorkerExecutor Queue Thread 6" [_thread_blocked, id=3316, stack(0x000000002dfd0000,0x000000002e0d0000)]
  0x000000001a411800 JavaThread "WorkerExecutor Queue Thread 5" [_thread_blocked, id=16600, stack(0x000000002ded0000,0x000000002dfd0000)]
  0x0000000020fd6000 JavaThread "WorkerExecutor Queue Thread 4" [_thread_blocked, id=13216, stack(0x000000002ddd0000,0x000000002ded0000)]
  0x0000000020fd5000 JavaThread "WorkerExecutor Queue Thread 3" [_thread_blocked, id=4968, stack(0x000000002dcd0000,0x000000002ddd0000)]
  0x0000000020fd6800 JavaThread "WorkerExecutor Queue Thread 2" [_thread_blocked, id=15712, stack(0x000000002dbd0000,0x000000002dcd0000)]
  0x0000000020fd4800 JavaThread "WorkerExecutor Queue" [_thread_blocked, id=15876, stack(0x000000002dad0000,0x000000002dbd0000)]
  0x0000000020fd1800 JavaThread "Cache worker for execution history cache (C:\Users\ACER\Desktop\DailyRunning\.gradle\6.5\executionHistory)" [_thread_blocked, id=6704, stack(0x000000002d280000,0x000000002d380000)]
  0x0000000020fd0800 JavaThread "Execution worker for ':' Thread 7" [_thread_blocked, id=16488, stack(0x000000002d080000,0x000000002d180000)]
  0x0000000020fc9000 JavaThread "Execution worker for ':' Thread 6" [_thread_blocked, id=6264, stack(0x000000002cf80000,0x000000002d080000)]
  0x0000000020fd0000 JavaThread "Execution worker for ':' Thread 5" [_thread_blocked, id=4752, stack(0x000000002ce80000,0x000000002cf80000)]
  0x0000000020fc8800 JavaThread "Execution worker for ':' Thread 4" [_thread_blocked, id=17216, stack(0x000000002cd80000,0x000000002ce80000)]
  0x0000000020fcb800 JavaThread "Execution worker for ':' Thread 3" [_thread_blocked, id=18236, stack(0x000000002cc80000,0x000000002cd80000)]
  0x0000000020fca000 JavaThread "Execution worker for ':' Thread 2" [_thread_blocked, id=8336, stack(0x000000002cb80000,0x000000002cc80000)]
  0x0000000020fcd000 JavaThread "Execution worker for ':'" [_thread_in_Java, id=17560, stack(0x000000002ca80000,0x000000002cb80000)]
  0x0000000020fcf000 JavaThread "Cache worker for file content cache (C:\Users\ACER\Desktop\DailyRunning\.gradle\6.5\fileContent)" [_thread_blocked, id=5252, stack(0x000000002c580000,0x000000002c680000)]
  0x0000000020fcd800 JavaThread "Memory manager" [_thread_blocked, id=14284, stack(0x0000000023ec0000,0x0000000023fc0000)]
  0x0000000020fce800 JavaThread "Cache worker for Build Output Cleanup Cache (C:\Users\ACER\Desktop\DailyRunning\.gradle\buildOutputCleanup)" [_thread_blocked, id=14044, stack(0x0000000023420000,0x0000000023520000)]
  0x0000000020a65000 JavaThread "jar transforms Thread 94" [_thread_blocked, id=912, stack(0x00000000292e0000,0x00000000293e0000)]
  0x0000000020a63800 JavaThread "jar transforms Thread 93" [_thread_blocked, id=14716, stack(0x00000000291e0000,0x00000000292e0000)]
  0x0000000020a63000 JavaThread "jar transforms Thread 92" [_thread_blocked, id=13172, stack(0x00000000290e0000,0x00000000291e0000)]
  0x0000000020a62000 JavaThread "jar transforms Thread 91" [_thread_blocked, id=6848, stack(0x0000000028fe0000,0x00000000290e0000)]
  0x0000000020a61800 JavaThread "jar transforms Thread 90" [_thread_blocked, id=3912, stack(0x0000000028ee0000,0x0000000028fe0000)]
  0x0000000020a64800 JavaThread "jar transforms Thread 89" [_thread_blocked, id=17220, stack(0x0000000028de0000,0x0000000028ee0000)]
  0x0000000020a60800 JavaThread "jar transforms Thread 88" [_thread_blocked, id=13704, stack(0x0000000028ce0000,0x0000000028de0000)]
  0x0000000020a59000 JavaThread "jar transforms Thread 87" [_thread_blocked, id=8676, stack(0x0000000028be0000,0x0000000028ce0000)]
  0x0000000020a5c000 JavaThread "jar transforms Thread 86" [_thread_blocked, id=5556, stack(0x0000000028ae0000,0x0000000028be0000)]
  0x0000000020a5b800 JavaThread "jar transforms Thread 85" [_thread_blocked, id=3768, stack(0x00000000289e0000,0x0000000028ae0000)]
  0x0000000020a5a000 JavaThread "jar transforms Thread 84" [_thread_blocked, id=17228, stack(0x00000000288e0000,0x00000000289e0000)]
  0x0000000020a60000 JavaThread "jar transforms Thread 83" [_thread_blocked, id=13940, stack(0x00000000287e0000,0x00000000288e0000)]
  0x0000000020a58800 JavaThread "jar transforms Thread 82" [_thread_blocked, id=1220, stack(0x00000000286e0000,0x00000000287e0000)]
  0x0000000020a5f000 JavaThread "jar transforms Thread 81" [_thread_blocked, id=796, stack(0x00000000285e0000,0x00000000286e0000)]
  0x0000000020a5e800 JavaThread "jar transforms Thread 80" [_thread_blocked, id=14288, stack(0x00000000284e0000,0x00000000285e0000)]
  0x0000000020a5a800 JavaThread "jar transforms Thread 79" [_thread_blocked, id=12472, stack(0x00000000283e0000,0x00000000284e0000)]
  0x0000000020a5d800 JavaThread "jar transforms Thread 78" [_thread_blocked, id=18408, stack(0x00000000282e0000,0x00000000283e0000)]
  0x0000000020a57800 JavaThread "jar transforms Thread 77" [_thread_blocked, id=11524, stack(0x00000000281e0000,0x00000000282e0000)]
  0x0000000020a57000 JavaThread "jar transforms Thread 76" [_thread_blocked, id=14648, stack(0x00000000280e0000,0x00000000281e0000)]
  0x0000000020a5d000 JavaThread "jar transforms Thread 75" [_thread_blocked, id=6936, stack(0x0000000027fe0000,0x00000000280e0000)]
  0x0000000020abf800 JavaThread "jar transforms Thread 74" [_thread_blocked, id=11896, stack(0x0000000027ee0000,0x0000000027fe0000)]
  0x0000000020abe800 JavaThread "jar transforms Thread 73" [_thread_blocked, id=17724, stack(0x0000000027de0000,0x0000000027ee0000)]
  0x0000000020abe000 JavaThread "jar transforms Thread 72" [_thread_blocked, id=6620, stack(0x0000000027ce0000,0x0000000027de0000)]
  0x0000000020ac0000 JavaThread "jar transforms Thread 71" [_thread_blocked, id=16380, stack(0x0000000027be0000,0x0000000027ce0000)]
  0x0000000020ac1000 JavaThread "jar transforms Thread 70" [_thread_blocked, id=15648, stack(0x0000000027ae0000,0x0000000027be0000)]
  0x0000000020abd000 JavaThread "jar transforms Thread 69" [_thread_blocked, id=12164, stack(0x00000000279e0000,0x0000000027ae0000)]
  0x0000000020abc800 JavaThread "jar transforms Thread 68" [_thread_blocked, id=16040, stack(0x00000000278e0000,0x00000000279e0000)]
  0x0000000020ab4800 JavaThread "jar transforms Thread 67" [_thread_blocked, id=14772, stack(0x00000000277e0000,0x00000000278e0000)]
  0x0000000020ab7800 JavaThread "jar transforms Thread 66" [_thread_blocked, id=11240, stack(0x00000000276e0000,0x00000000277e0000)]
  0x0000000020abb000 JavaThread "jar transforms Thread 65" [_thread_blocked, id=8236, stack(0x00000000275e0000,0x00000000276e0000)]
  0x0000000020aba000 JavaThread "jar transforms Thread 64" [_thread_blocked, id=18284, stack(0x00000000274e0000,0x00000000275e0000)]
  0x0000000020abb800 JavaThread "jar transforms Thread 63" [_thread_blocked, id=6624, stack(0x00000000273e0000,0x00000000274e0000)]
  0x0000000020ab9800 JavaThread "jar transforms Thread 62" [_thread_blocked, id=9888, stack(0x00000000272e0000,0x00000000273e0000)]
  0x0000000020ab2800 JavaThread "jar transforms Thread 61" [_thread_blocked, id=6640, stack(0x00000000271e0000,0x00000000272e0000)]
  0x0000000020ab7000 JavaThread "jar transforms Thread 60" [_thread_blocked, id=1968, stack(0x00000000270e0000,0x00000000271e0000)]
  0x0000000020ab6000 JavaThread "jar transforms Thread 59" [_thread_blocked, id=6280, stack(0x0000000026fe0000,0x00000000270e0000)]
  0x0000000020ab3000 JavaThread "jar transforms Thread 58" [_thread_blocked, id=4200, stack(0x0000000026ee0000,0x0000000026fe0000)]
  0x0000000020ab5800 JavaThread "jar transforms Thread 57" [_thread_blocked, id=8920, stack(0x0000000026de0000,0x0000000026ee0000)]
  0x0000000020ab8800 JavaThread "jar transforms Thread 56" [_thread_blocked, id=4568, stack(0x0000000026ce0000,0x0000000026de0000)]
  0x0000000020ab4000 JavaThread "jar transforms Thread 55" [_thread_blocked, id=16656, stack(0x0000000026be0000,0x0000000026ce0000)]
  0x0000000020ab1800 JavaThread "jar transforms Thread 54" [_thread_blocked, id=15272, stack(0x0000000026ae0000,0x0000000026be0000)]
  0x000000001fb51000 JavaThread "jar transforms Thread 53" [_thread_blocked, id=5872, stack(0x00000000269e0000,0x0000000026ae0000)]
  0x000000001fb50800 JavaThread "jar transforms Thread 52" [_thread_blocked, id=9968, stack(0x00000000268e0000,0x00000000269e0000)]
  0x000000001fb4f800 JavaThread "jar transforms Thread 51" [_thread_blocked, id=13792, stack(0x00000000267e0000,0x00000000268e0000)]
  0x000000001fb52000 JavaThread "jar transforms Thread 50" [_thread_blocked, id=2400, stack(0x00000000266e0000,0x00000000267e0000)]
  0x000000001fb4f000 JavaThread "jar transforms Thread 49" [_thread_blocked, id=2708, stack(0x00000000265e0000,0x00000000266e0000)]
  0x000000001fb47800 JavaThread "jar transforms Thread 48" [_thread_blocked, id=12944, stack(0x00000000264e0000,0x00000000265e0000)]
  0x000000001fb4e000 JavaThread "jar transforms Thread 47" [_thread_blocked, id=16948, stack(0x00000000263e0000,0x00000000264e0000)]
  0x000000001fb4d800 JavaThread "jar transforms Thread 46" [_thread_blocked, id=10048, stack(0x00000000262e0000,0x00000000263e0000)]
  0x000000001fb4c800 JavaThread "jar transforms Thread 45" [_thread_blocked, id=7216, stack(0x00000000261e0000,0x00000000262e0000)]
  0x000000001fb45000 JavaThread "jar transforms Thread 44" [_thread_blocked, id=8104, stack(0x00000000260e0000,0x00000000261e0000)]
  0x000000001fb4c000 JavaThread "jar transforms Thread 43" [_thread_blocked, id=32, stack(0x0000000025fe0000,0x00000000260e0000)]
  0x000000001fb44800 JavaThread "jar transforms Thread 42" [_thread_blocked, id=9700, stack(0x0000000025ee0000,0x0000000025fe0000)]
  0x000000001fb4b000 JavaThread "jar transforms Thread 41" [_thread_blocked, id=11676, stack(0x0000000025de0000,0x0000000025ee0000)]
  0x000000001fb48000 JavaThread "jar transforms Thread 40" [_thread_blocked, id=11192, stack(0x0000000025ce0000,0x0000000025de0000)]
  0x000000001fb46000 JavaThread "jar transforms Thread 39" [_thread_blocked, id=4152, stack(0x0000000025be0000,0x0000000025ce0000)]
  0x000000001fb43800 JavaThread "jar transforms Thread 38" [_thread_blocked, id=16172, stack(0x0000000025ae0000,0x0000000025be0000)]
  0x000000001fb4a800 JavaThread "jar transforms Thread 37" [_thread_blocked, id=5016, stack(0x00000000259e0000,0x0000000025ae0000)]
  0x000000001fb49800 JavaThread "jar transforms Thread 36" [_thread_blocked, id=10576, stack(0x00000000258e0000,0x00000000259e0000)]
  0x000000001fb43000 JavaThread "jar transforms Thread 35" [_thread_blocked, id=16588, stack(0x00000000257e0000,0x00000000258e0000)]
  0x000000001fb46800 JavaThread "jar transforms Thread 34" [_thread_blocked, id=3500, stack(0x00000000256e0000,0x00000000257e0000)]
  0x000000001fb49000 JavaThread "jar transforms Thread 33" [_thread_blocked, id=16524, stack(0x00000000255e0000,0x00000000256e0000)]
  0x0000000020756000 JavaThread "jar transforms Thread 32" [_thread_blocked, id=17040, stack(0x00000000254e0000,0x00000000255e0000)]
  0x000000002074e800 JavaThread "jar transforms Thread 31" [_thread_blocked, id=17012, stack(0x00000000253e0000,0x00000000254e0000)]
  0x0000000020751800 JavaThread "jar transforms Thread 30" [_thread_blocked, id=4920, stack(0x00000000252e0000,0x00000000253e0000)]
  0x0000000020755800 JavaThread "jar transforms Thread 29" [_thread_blocked, id=7024, stack(0x00000000251e0000,0x00000000252e0000)]
  0x0000000020754000 JavaThread "jar transforms Thread 28" [_thread_blocked, id=17292, stack(0x00000000250e0000,0x00000000251e0000)]
  0x0000000020751000 JavaThread "jar transforms Thread 27" [_thread_blocked, id=6408, stack(0x0000000024fe0000,0x00000000250e0000)]
  0x0000000020754800 JavaThread "jar transforms Thread 26" [_thread_blocked, id=6836, stack(0x0000000024ee0000,0x0000000024fe0000)]
  0x0000000020750000 JavaThread "jar transforms Thread 25" [_thread_blocked, id=5064, stack(0x0000000024de0000,0x0000000024ee0000)]
  0x0000000020752800 JavaThread "jar transforms Thread 24" [_thread_blocked, id=15288, stack(0x0000000024ce0000,0x0000000024de0000)]
  0x0000000020753000 JavaThread "jar transforms Thread 23" [_thread_blocked, id=2120, stack(0x0000000024be0000,0x0000000024ce0000)]
  0x000000002074f800 JavaThread "jar transforms Thread 22" [_thread_blocked, id=2416, stack(0x0000000024ae0000,0x0000000024be0000)]
  0x0000000020747000 JavaThread "jar transforms Thread 21" [_thread_blocked, id=248, stack(0x00000000249e0000,0x0000000024ae0000)]
  0x000000002074e000 JavaThread "jar transforms Thread 20" [_thread_blocked, id=11776, stack(0x00000000248e0000,0x00000000249e0000)]
  0x000000002074d000 JavaThread "jar transforms Thread 19" [_thread_blocked, id=10980, stack(0x00000000247e0000,0x00000000248e0000)]
  0x000000002074b800 JavaThread "jar transforms Thread 18" [_thread_blocked, id=11980, stack(0x00000000246e0000,0x00000000247e0000)]
  0x000000002074b000 JavaThread "jar transforms Thread 17" [_thread_blocked, id=18404, stack(0x00000000245e0000,0x00000000246e0000)]
  0x0000000020749800 JavaThread "jar transforms Thread 16" [_thread_blocked, id=3348, stack(0x00000000244e0000,0x00000000245e0000)]
  0x0000000020748000 JavaThread "jar transforms Thread 15" [_thread_blocked, id=9980, stack(0x00000000243e0000,0x00000000244e0000)]
  0x000000002074a000 JavaThread "jar transforms Thread 14" [_thread_blocked, id=16916, stack(0x00000000242e0000,0x00000000243e0000)]
  0x000000002074c800 JavaThread "jar transforms Thread 13" [_thread_blocked, id=9136, stack(0x00000000241e0000,0x00000000242e0000)]
  0x0000000020748800 JavaThread "jar transforms Thread 12" [_thread_blocked, id=13604, stack(0x00000000240e0000,0x00000000241e0000)]
  0x000000001ce88800 JavaThread "jar transforms Thread 11" [_thread_blocked, id=17752, stack(0x0000000023fe0000,0x00000000240e0000)]
  0x000000001ce87000 JavaThread "jar transforms Thread 10" [_thread_blocked, id=144, stack(0x00000000235b0000,0x00000000236b0000)]
  0x000000001ce88000 JavaThread "jar transforms Thread 9" [_thread_blocked, id=15312, stack(0x0000000023dc0000,0x0000000023ec0000)]
  0x000000001ce86800 JavaThread "jar transforms Thread 8" [_thread_blocked, id=5708, stack(0x0000000023cc0000,0x0000000023dc0000)]
  0x000000001ce85800 JavaThread "jar transforms Thread 7" [_thread_blocked, id=12536, stack(0x0000000023bc0000,0x0000000023cc0000)]
  0x000000001ce84000 JavaThread "jar transforms Thread 6" [_thread_blocked, id=8912, stack(0x0000000023ac0000,0x0000000023bc0000)]
  0x000000001ce85000 JavaThread "jar transforms Thread 5" [_thread_blocked, id=5592, stack(0x00000000239c0000,0x0000000023ac0000)]
  0x000000001ce83800 JavaThread "jar transforms Thread 4" [_thread_blocked, id=13912, stack(0x00000000238c0000,0x00000000239c0000)]
  0x000000001ce7c000 JavaThread "jar transforms Thread 3" [_thread_blocked, id=16556, stack(0x00000000237c0000,0x00000000238c0000)]
  0x000000001ce82800 JavaThread "jar transforms Thread 2" [_thread_blocked, id=15612, stack(0x00000000236c0000,0x00000000237c0000)]
  0x000000001ce7b000 JavaThread "Build operations Thread 8" [_thread_in_Java, id=14368, stack(0x0000000023320000,0x0000000023420000)]
  0x000000001ce82000 JavaThread "Build operations Thread 7" [_thread_blocked, id=14848, stack(0x0000000023220000,0x0000000023320000)]
  0x000000001ce7f800 JavaThread "Build operations Thread 6" [_thread_in_Java, id=10952, stack(0x0000000023120000,0x0000000023220000)]
  0x000000001ce81000 JavaThread "Build operations Thread 5" [_thread_in_Java, id=14776, stack(0x0000000023020000,0x0000000023120000)]
  0x000000001ce7d800 JavaThread "Build operations Thread 4" [_thread_in_Java, id=6984, stack(0x0000000022f20000,0x0000000023020000)]
  0x000000001ce7c800 JavaThread "Build operations Thread 3" [_thread_blocked, id=9520, stack(0x0000000022e20000,0x0000000022f20000)]
  0x000000001ce79800 JavaThread "Build operations Thread 2" [_thread_in_Java, id=3756, stack(0x0000000022d20000,0x0000000022e20000)]
  0x000000001ce7a800 JavaThread "Build operations" [_thread_blocked, id=17672, stack(0x0000000022c20000,0x0000000022d20000)]
  0x000000001b4cd800 JavaThread "Cache worker for file content cache (C:\Users\ACER\.gradle\caches\6.5\fileContent)" [_thread_blocked, id=7316, stack(0x0000000022520000,0x0000000022620000)]
  0x000000001b4cd000 JavaThread "jar transforms" [_thread_blocked, id=9484, stack(0x0000000022420000,0x0000000022520000)]
  0x000000001b4d3000 JavaThread "Cache worker for execution history cache (C:\Users\ACER\.gradle\caches\6.5\executionHistory)" [_thread_blocked, id=14392, stack(0x0000000021d20000,0x0000000021e20000)]
  0x000000001b4d3800 JavaThread "Cache worker for cache directory md-rule (C:\Users\ACER\.gradle\caches\6.5\md-rule)" [_thread_blocked, id=1656, stack(0x0000000021c20000,0x0000000021d20000)]
  0x000000001b4d0800 JavaThread "Cache worker for cache directory md-supplier (C:\Users\ACER\.gradle\caches\6.5\md-supplier)" [_thread_blocked, id=17148, stack(0x0000000021b20000,0x0000000021c20000)]
  0x000000001b4d0000 JavaThread "Cache worker for checksums cache (C:\Users\ACER\Desktop\DailyRunning\.gradle\checksums)" [_thread_blocked, id=6856, stack(0x0000000021a20000,0x0000000021b20000)]
  0x000000001b4d2000 JavaThread "Cache worker for file hash cache (C:\Users\ACER\Desktop\DailyRunning\.gradle\6.5\fileHashes)" [_thread_blocked, id=17888, stack(0x0000000020500000,0x0000000020600000)]
  0x000000001b4cf000 JavaThread "Cache worker for file hash cache (C:\Users\ACER\.gradle\caches\6.5\fileHashes)" [_thread_blocked, id=1676, stack(0x000000001f230000,0x000000001f330000)]
  0x000000001b4ce800 JavaThread "File lock request listener" [_thread_in_native, id=14900, stack(0x000000001f130000,0x000000001f230000)]
  0x000000001cdf0800 JavaThread "Cache worker for journal cache (C:\Users\ACER\.gradle\caches\journal-1)" [_thread_in_Java, id=7336, stack(0x000000001f030000,0x000000001f130000)]
  0x000000001cc40800 JavaThread "Thread-9" [_thread_blocked, id=15484, stack(0x000000001ed30000,0x000000001ee30000)]
  0x000000001cbd9000 JavaThread "Stdin handler" [_thread_blocked, id=17988, stack(0x000000001ec30000,0x000000001ed30000)]
  0x000000001c664800 JavaThread "Asynchronous log dispatcher for DefaultDaemonConnection: socket connection from /127.0.0.1:59969 to /127.0.0.1:59970" [_thread_in_vm, id=11476, stack(0x000000001eb30000,0x000000001ec30000)]
  0x000000001cbdf800 JavaThread "Daemon worker" [_thread_blocked, id=15940, stack(0x000000001ea30000,0x000000001eb30000)]
  0x000000001cbde800 JavaThread "Cancel handler" [_thread_blocked, id=18032, stack(0x000000001e830000,0x000000001e930000)]
  0x000000001caf2800 JavaThread "Handler for socket connection from /127.0.0.1:59969 to /127.0.0.1:59970" [_thread_in_native, id=9708, stack(0x000000001e730000,0x000000001e830000)]
  0x000000001cbc0000 JavaThread "Daemon" [_thread_blocked, id=14888, stack(0x000000001e630000,0x000000001e730000)]
  0x000000001ca8e800 JavaThread "Daemon periodic checks" [_thread_blocked, id=2464, stack(0x000000001e330000,0x000000001e430000)]
  0x000000001cb87000 JavaThread "Incoming local TCP Connector on port 59969" [_thread_in_native, id=4932, stack(0x000000001e0f0000,0x000000001e1f0000)]
  0x000000001ca69000 JavaThread "Daemon health stats" [_thread_blocked, id=5060, stack(0x000000001dab0000,0x000000001dbb0000)]
  0x000000001a2f0000 JavaThread "Service Thread" daemon [_thread_blocked, id=14020, stack(0x000000001af10000,0x000000001b010000)]
  0x000000001a253000 JavaThread "C1 CompilerThread3" daemon [_thread_blocked, id=10708, stack(0x000000001ae10000,0x000000001af10000)]
  0x000000001a250000 JavaThread "C2 CompilerThread2" daemon [_thread_in_vm, id=10608, stack(0x000000001ad10000,0x000000001ae10000)]
=>0x000000001a248000 JavaThread "C2 CompilerThread1" daemon [_thread_in_native, id=4992, stack(0x000000001ac10000,0x000000001ad10000)]
  0x000000001a243800 JavaThread "C2 CompilerThread0" daemon [_thread_in_vm, id=1800, stack(0x000000001ab10000,0x000000001ac10000)]
  0x000000001a23e000 JavaThread "Attach Listener" daemon [_thread_blocked, id=17864, stack(0x000000001aa10000,0x000000001ab10000)]
  0x000000001a23d000 JavaThread "Signal Dispatcher" daemon [_thread_blocked, id=8344, stack(0x000000001a910000,0x000000001aa10000)]
  0x00000000033c8800 JavaThread "Finalizer" daemon [_thread_blocked, id=5388, stack(0x000000001a710000,0x000000001a810000)]
  0x000000001843c000 JavaThread "Reference Handler" daemon [_thread_blocked, id=17784, stack(0x000000001a610000,0x000000001a710000)]
  0x00000000032cd800 JavaThread "main" [_thread_blocked, id=1700, stack(0x00000000031b0000,0x00000000032b0000)]

Other Threads:
  0x0000000018438000 VMThread [stack: 0x000000001a110000,0x000000001a210000] [id=11632]
  0x000000001a2f1000 WatcherThread [stack: 0x000000001b010000,0x000000001b110000] [id=15804]

VM state:not at safepoint (normal execution)

VM Mutex/Monitor currently owned by a thread:  ([mutex/lock_event])
[0x00000000032cd040] SystemDictionary_lock - owner thread: 0x000000001a250000

heap address: 0x0000000080000000, size: 2048 MB, Compressed Oops mode: 32-bit
Narrow klass base: 0x0000000000000000, Narrow klass shift: 3
Compressed class space size: 1073741824 Address: 0x0000000100000000

Heap:
 PSYoungGen      total 260608K, used 249014K [0x00000000d5580000, 0x00000000e8000000, 0x0000000100000000)
  eden space 241664K, 95% used [0x00000000d5580000,0x00000000e36a3f68,0x00000000e4180000)
  from space 18944K, 97% used [0x00000000e6d80000,0x00000000e7f89a88,0x00000000e8000000)
  to   space 22016K, 0% used [0x00000000e5500000,0x00000000e5500000,0x00000000e6a80000)
 ParOldGen       total 95744K, used 36544K [0x0000000080000000, 0x0000000085d80000, 0x00000000d5580000)
  object space 95744K, 38% used [0x0000000080000000,0x00000000823b0338,0x0000000085d80000)
 Metaspace       used 66455K, capacity 69718K, committed 69928K, reserved 1110016K
  class space    used 9115K, capacity 9775K, committed 9776K, reserved 1048576K

Card table byte_map: [0x0000000012790000,0x0000000012ba0000] byte_map_base: 0x0000000012390000

Marking Bits: (ParMarkBitMap*) 0x000000006045f030
 Begin Bits: [0x0000000013650000, 0x0000000015650000)
 End Bits:   [0x0000000015650000, 0x0000000017650000)

Polling page: 0x0000000001930000

CodeCache: size=245760Kb used=26102Kb max_used=26115Kb free=219657Kb
 bounds [0x00000000033d0000, 0x0000000004d70000, 0x00000000123d0000]
 total_blobs=8726 nmethods=7934 adapters=705
 compilation: enabled

Compilation events (10 events):
Event: 19.006 Thread 0x000000001a253000 nmethod 9047 0x0000000004d64450 code [0x0000000004d645a0, 0x0000000004d647d0]
Event: 19.006 Thread 0x000000001a253000 9048       3       org.gradle.internal.component.model.AttributeMatchingExplanationBuilder::candidateDoesNotMatchAttributes (1 bytes)
Event: 19.006 Thread 0x000000001a253000 nmethod 9048 0x0000000004d5b590 code [0x0000000004d5b6e0, 0x0000000004d5b830]
Event: 19.009 Thread 0x000000001a243800 9049       4       org.gradle.internal.snapshot.SnapshotUtil::getSnapshotFromChild (41 bytes)
Event: 19.011 Thread 0x000000001a253000 9053       3       org.gradle.internal.snapshot.SnapshotUtil$$Lambda$254/1716619819::get$Lambda (10 bytes)
Event: 19.011 Thread 0x000000001a253000 nmethod 9053 0x0000000004d65d90 code [0x0000000004d65f00, 0x0000000004d66170]
Event: 19.012 Thread 0x000000001a243800 nmethod 9049 0x0000000004d67bd0 code [0x0000000004d67d40, 0x0000000004d67f38]
Event: 19.012 Thread 0x000000001a243800 9050       4       org.gradle.internal.snapshot.SnapshotUtil::getMetadataFromChildren (317 bytes)
Event: 19.072 Thread 0x000000001a250000 nmethod 9045% 0x0000000004d66cd0 code [0x0000000004d66e40, 0x0000000004d67638]
Event: 19.086 Thread 0x000000001a250000 9052       4       org.gradle.internal.snapshot.AbstractIncompleteSnapshotWithChildren::getSnapshot (15 bytes)

GC Heap History (10 events):
Event: 10.519 GC heap before
{Heap before GC invocations=13 (full 2):
 PSYoungGen      total 154112K, used 142848K [0x00000000d5580000, 0x00000000df900000, 0x0000000100000000)
  eden space 142848K, 100% used [0x00000000d5580000,0x00000000de100000,0x00000000de100000)
  from space 11264K, 0% used [0x00000000ded00000,0x00000000ded00000,0x00000000df800000)
  to   space 12288K, 0% used [0x00000000de100000,0x00000000de100000,0x00000000ded00000)
 ParOldGen       total 56320K, used 15818K [0x0000000080000000, 0x0000000083700000, 0x00000000d5580000)
  object space 56320K, 28% used [0x0000000080000000,0x0000000080f72b40,0x0000000083700000)
 Metaspace       used 40864K, capacity 42586K, committed 42920K, reserved 1085440K
  class space    used 5608K, capacity 6001K, committed 6064K, reserved 1048576K
Event: 10.532 GC heap after
Heap after GC invocations=13 (full 2):
 PSYoungGen      total 155136K, used 12261K [0x00000000d5580000, 0x00000000e3480000, 0x0000000100000000)
  eden space 142848K, 0% used [0x00000000d5580000,0x00000000d5580000,0x00000000de100000)
  from space 12288K, 99% used [0x00000000de100000,0x00000000decf95b0,0x00000000ded00000)
  to   space 14336K, 0% used [0x00000000e2680000,0x00000000e2680000,0x00000000e3480000)
 ParOldGen       total 56320K, used 16401K [0x0000000080000000, 0x0000000083700000, 0x00000000d5580000)
  object space 56320K, 29% used [0x0000000080000000,0x00000000810047a0,0x0000000083700000)
 Metaspace       used 40864K, capacity 42586K, committed 42920K, reserved 1085440K
  class space    used 5608K, capacity 6001K, committed 6064K, reserved 1048576K
}
Event: 12.591 GC heap before
{Heap before GC invocations=14 (full 2):
 PSYoungGen      total 155136K, used 155109K [0x00000000d5580000, 0x00000000e3480000, 0x0000000100000000)
  eden space 142848K, 100% used [0x00000000d5580000,0x00000000de100000,0x00000000de100000)
  from space 12288K, 99% used [0x00000000de100000,0x00000000decf95b0,0x00000000ded00000)
  to   space 14336K, 0% used [0x00000000e2680000,0x00000000e2680000,0x00000000e3480000)
 ParOldGen       total 56320K, used 16401K [0x0000000080000000, 0x0000000083700000, 0x00000000d5580000)
  object space 56320K, 29% used [0x0000000080000000,0x00000000810047a0,0x0000000083700000)
 Metaspace       used 52852K, capacity 54952K, committed 55208K, reserved 1097728K
  class space    used 7097K, capacity 7551K, committed 7600K, reserved 1048576K
Event: 12.628 GC heap after
Heap after GC invocations=14 (full 2):
 PSYoungGen      total 207872K, used 14324K [0x00000000d5580000, 0x00000000e3f00000, 0x0000000100000000)
  eden space 193536K, 0% used [0x00000000d5580000,0x00000000d5580000,0x00000000e1280000)
  from space 14336K, 99% used [0x00000000e2680000,0x00000000e347d1e0,0x00000000e3480000)
  to   space 20480K, 0% used [0x00000000e1280000,0x00000000e1280000,0x00000000e2680000)
 ParOldGen       total 56320K, used 27256K [0x0000000080000000, 0x0000000083700000, 0x00000000d5580000)
  object space 56320K, 48% used [0x0000000080000000,0x0000000081a9e080,0x0000000083700000)
 Metaspace       used 52852K, capacity 54952K, committed 55208K, reserved 1097728K
  class space    used 7097K, capacity 7551K, committed 7600K, reserved 1048576K
}
Event: 13.615 GC heap before
{Heap before GC invocations=15 (full 2):
 PSYoungGen      total 207872K, used 86677K [0x00000000d5580000, 0x00000000e3f00000, 0x0000000100000000)
  eden space 193536K, 37% used [0x00000000d5580000,0x00000000d9c28268,0x00000000e1280000)
  from space 14336K, 99% used [0x00000000e2680000,0x00000000e347d1e0,0x00000000e3480000)
  to   space 20480K, 0% used [0x00000000e1280000,0x00000000e1280000,0x00000000e2680000)
 ParOldGen       total 56320K, used 27256K [0x0000000080000000, 0x0000000083700000, 0x00000000d5580000)
  object space 56320K, 48% used [0x0000000080000000,0x0000000081a9e080,0x0000000083700000)
 Metaspace       used 56708K, capacity 59026K, committed 59160K, reserved 1099776K
  class space    used 7757K, capacity 8265K, committed 8368K, reserved 1048576K
Event: 13.636 GC heap after
Heap after GC invocations=15 (full 2):
 PSYoungGen      total 214016K, used 7310K [0x00000000d5580000, 0x00000000e8080000, 0x0000000100000000)
  eden space 193536K, 0% used [0x00000000d5580000,0x00000000d5580000,0x00000000e1280000)
  from space 20480K, 35% used [0x00000000e1280000,0x00000000e19a3b18,0x00000000e2680000)
  to   space 19456K, 0% used [0x00000000e6d80000,0x00000000e6d80000,0x00000000e8080000)
 ParOldGen       total 56320K, used 37566K [0x0000000080000000, 0x0000000083700000, 0x00000000d5580000)
  object space 56320K, 66% used [0x0000000080000000,0x00000000824afbb8,0x0000000083700000)
 Metaspace       used 56708K, capacity 59026K, committed 59160K, reserved 1099776K
  class space    used 7757K, capacity 8265K, committed 8368K, reserved 1048576K
}
Event: 13.636 GC heap before
{Heap before GC invocations=16 (full 3):
 PSYoungGen      total 214016K, used 7310K [0x00000000d5580000, 0x00000000e8080000, 0x0000000100000000)
  eden space 193536K, 0% used [0x00000000d5580000,0x00000000d5580000,0x00000000e1280000)
  from space 20480K, 35% used [0x00000000e1280000,0x00000000e19a3b18,0x00000000e2680000)
  to   space 19456K, 0% used [0x00000000e6d80000,0x00000000e6d80000,0x00000000e8080000)
 ParOldGen       total 56320K, used 37566K [0x0000000080000000, 0x0000000083700000, 0x00000000d5580000)
  object space 56320K, 66% used [0x0000000080000000,0x00000000824afbb8,0x0000000083700000)
 Metaspace       used 56708K, capacity 59026K, committed 59160K, reserved 1099776K
  class space    used 7757K, capacity 8265K, committed 8368K, reserved 1048576K
Event: 13.898 GC heap after
Heap after GC invocations=16 (full 3):
 PSYoungGen      total 214016K, used 0K [0x00000000d5580000, 0x00000000e8080000, 0x0000000100000000)
  eden space 193536K, 0% used [0x00000000d5580000,0x00000000d5580000,0x00000000e1280000)
  from space 20480K, 0% used [0x00000000e1280000,0x00000000e1280000,0x00000000e2680000)
  to   space 19456K, 0% used [0x00000000e6d80000,0x00000000e6d80000,0x00000000e8080000)
 ParOldGen       total 95744K, used 36536K [0x0000000080000000, 0x0000000085d80000, 0x00000000d5580000)
  object space 95744K, 38% used [0x0000000080000000,0x00000000823ae338,0x0000000085d80000)
 Metaspace       used 56697K, capacity 58990K, committed 59160K, reserved 1099776K
  class space    used 7754K, capacity 8259K, committed 8368K, reserved 1048576K
}
Event: 16.680 GC heap before
{Heap before GC invocations=17 (full 3):
 PSYoungGen      total 214016K, used 193536K [0x00000000d5580000, 0x00000000e8080000, 0x0000000100000000)
  eden space 193536K, 100% used [0x00000000d5580000,0x00000000e1280000,0x00000000e1280000)
  from space 20480K, 0% used [0x00000000e1280000,0x00000000e1280000,0x00000000e2680000)
  to   space 19456K, 0% used [0x00000000e6d80000,0x00000000e6d80000,0x00000000e8080000)
 ParOldGen       total 95744K, used 36536K [0x0000000080000000, 0x0000000085d80000, 0x00000000d5580000)
  object space 95744K, 38% used [0x0000000080000000,0x00000000823ae338,0x0000000085d80000)
 Metaspace       used 63910K, capacity 67056K, committed 67368K, reserved 1107968K
  class space    used 8829K, capacity 9460K, committed 9520K, reserved 1048576K
Event: 16.702 GC heap after
Heap after GC invocations=17 (full 3):
 PSYoungGen      total 260608K, used 18470K [0x00000000d5580000, 0x00000000e8000000, 0x0000000100000000)
  eden space 241664K, 0% used [0x00000000d5580000,0x00000000d5580000,0x00000000e4180000)
  from space 18944K, 97% used [0x00000000e6d80000,0x00000000e7f89a88,0x00000000e8000000)
  to   space 22016K, 0% used [0x00000000e5500000,0x00000000e5500000,0x00000000e6a80000)
 ParOldGen       total 95744K, used 36544K [0x0000000080000000, 0x0000000085d80000, 0x00000000d5580000)
  object space 95744K, 38% used [0x0000000080000000,0x00000000823b0338,0x0000000085d80000)
 Metaspace       used 63910K, capacity 67056K, committed 67368K, reserved 1107968K
  class space    used 8829K, capacity 9460K, committed 9520K, reserved 1048576K
}

Deoptimization events (10 events):
Event: 18.799 Thread 0x0000000020fd6000 Uncommon trap: reason=unstable_if action=reinterpret pc=0x0000000003b8526c method=java.lang.reflect.Executable.declaredAnnotations()Ljava/util/Map; @ 19
Event: 18.838 Thread 0x0000000020fcb800 Uncommon trap: reason=unstable_if action=reinterpret pc=0x00000000038738ec method=java.util.HashMap$HashIterator.<init>(Ljava/util/HashMap;)V @ 45
Event: 18.950 Thread 0x000000001a411800 Uncommon trap: reason=class_check action=maybe_recompile pc=0x00000000036fd080 method=java.lang.Throwable.<init>(Ljava/lang/String;Ljava/lang/Throwable;)V @ 24
Event: 18.952 Thread 0x000000001a411800 Uncommon trap: reason=class_check action=maybe_recompile pc=0x00000000036fd080 method=java.lang.Throwable.<init>(Ljava/lang/String;Ljava/lang/Throwable;)V @ 24
Event: 18.964 Thread 0x0000000020fcd000 Uncommon trap: reason=class_check action=maybe_recompile pc=0x0000000004c9bd70 method=com.google.common.base.CharMatcher.indexIn(Ljava/lang/CharSequence;I)I @ 31
Event: 18.964 Thread 0x0000000020fcd000 Uncommon trap: reason=class_check action=maybe_recompile pc=0x0000000004c9bd70 method=com.google.common.base.CharMatcher.indexIn(Ljava/lang/CharSequence;I)I @ 31
Event: 18.964 Thread 0x0000000020fcd000 Uncommon trap: reason=class_check action=maybe_recompile pc=0x0000000004c9bd70 method=com.google.common.base.CharMatcher.indexIn(Ljava/lang/CharSequence;I)I @ 31
Event: 18.964 Thread 0x0000000020fcd000 Uncommon trap: reason=class_check action=maybe_recompile pc=0x0000000004c9bd70 method=com.google.common.base.CharMatcher.indexIn(Ljava/lang/CharSequence;I)I @ 31
Event: 18.988 Thread 0x0000000020fd0000 Uncommon trap: reason=class_check action=maybe_recompile pc=0x00000000036fd080 method=java.lang.Throwable.<init>(Ljava/lang/String;Ljava/lang/Throwable;)V @ 24
Event: 18.994 Thread 0x0000000020fcd000 Uncommon trap: reason=unstable_if action=reinterpret pc=0x0000000004b12f58 method=com.google.common.collect.RegularImmutableMap.get(Ljava/lang/Object;[Lcom/google/common/collect/ImmutableMapEntry;I)Ljava/lang/Object; @ 5

Classes redefined (0 events):
No events

Internal exceptions (10 events):
Event: 17.871 Thread 0x0000000020fd0000 Implicit null exception at 0x0000000004aa9236 to 0x0000000004aa7a1d
Event: 18.611 Thread 0x0000000020fcd800 Exception <a 'java/lang/NoSuchMethodError': java.lang.Object.lambda$comparingInt$7b0bb60$1(Ljava/util/function/ToIntFunction;Ljava/lang/Object;Ljava/lang/Object;)I> (0x00000000e0dd9660) thrown at [C:\src\AOSP-openjdk-git\hotspot\src\share\vm\interpreter\l
Event: 18.764 Thread 0x0000000020fd0000 Exception <a 'java/lang/NoSuchMethodError': <clinit>> (0x00000000e2b87010) thrown at [C:\src\AOSP-openjdk-git\hotspot\src\share\vm\prims\jni.cpp, line 1615]
Event: 18.766 Thread 0x0000000020fd0000 Exception <a 'java/lang/NoSuchMethodError': <clinit>> (0x00000000e2b97920) thrown at [C:\src\AOSP-openjdk-git\hotspot\src\share\vm\prims\jni.cpp, line 1615]
Event: 18.767 Thread 0x0000000020fd0000 Exception <a 'java/lang/NoSuchMethodError': <clinit>> (0x00000000e2ba7d40) thrown at [C:\src\AOSP-openjdk-git\hotspot\src\share\vm\prims\jni.cpp, line 1615]
Event: 18.769 Thread 0x0000000020fd0000 Exception <a 'java/lang/NoSuchMethodError': <clinit>> (0x00000000e2bbb5a8) thrown at [C:\src\AOSP-openjdk-git\hotspot\src\share\vm\prims\jni.cpp, line 1615]
Event: 18.779 Thread 0x0000000020fd0000 Exception <a 'java/lang/NoSuchMethodError': <clinit>> (0x00000000e2c34548) thrown at [C:\src\AOSP-openjdk-git\hotspot\src\share\vm\prims\jni.cpp, line 1615]
Event: 18.952 Thread 0x000000001a411800 Exception <a 'java/io/IOException'> (0x00000000e346d608) thrown at [C:\src\AOSP-openjdk-git\hotspot\src\share\vm\prims\jni.cpp, line 710]
Event: 18.963 Thread 0x0000000020fcd000 Exception <a 'java/lang/NoSuchMethodError': <clinit>> (0x00000000d70cb720) thrown at [C:\src\AOSP-openjdk-git\hotspot\src\share\vm\prims\jni.cpp, line 1615]
Event: 18.994 Thread 0x0000000020fcd000 Implicit null exception at 0x0000000004b12dff to 0x0000000004b12f49

Events (10 events):
Event: 18.981 loading class com/android/build/gradle/internal/profile/TaskProfilingRecord$sam$java_util_function_Predicate$0
Event: 18.981 loading class com/android/build/gradle/internal/profile/TaskProfilingRecord$sam$java_util_function_Predicate$0 done
Event: 18.988 Thread 0x0000000020fd0000 Uncommon trap: trap_request=0xffffffde fr.pc=0x00000000036fd080
Event: 18.988 Thread 0x0000000020fd0000 DEOPT PACKING pc=0x00000000036fd080 sp=0x000000002cf7bd40
Event: 18.988 Thread 0x0000000020fd0000 DEOPT UNPACKING pc=0x000000000341557b sp=0x000000002cf7bd10 mode 2
Event: 18.994 Thread 0x0000000020fcd000 Uncommon trap: trap_request=0xffffff65 fr.pc=0x0000000004b12f58
Event: 18.994 Thread 0x0000000020fcd000 DEOPT PACKING pc=0x0000000004b12f58 sp=0x000000002cb7c700
Event: 18.994 Thread 0x0000000020fcd000 DEOPT UNPACKING pc=0x000000000341557b sp=0x000000002cb7c688 mode 2
Event: 18.995 loading class com/android/build/gradle/tasks/ProcessApplicationManifest$optionalFeaturesString$1
Event: 18.995 loading class com/android/build/gradle/tasks/ProcessApplicationManifest$optionalFeaturesString$1 done


Dynamic libraries:
0x00007ff7b2c00000 - 0x00007ff7b2c31000 	E:\AS\jre\bin\java.exe
0x00007ff8bab00000 - 0x00007ff8bacf0000 	C:\WINDOWS\SYSTEM32\ntdll.dll
0x00007ff8b9f60000 - 0x00007ff8ba012000 	C:\WINDOWS\System32\KERNEL32.DLL
0x00007ff8b7c40000 - 0x00007ff8b7ee5000 	C:\WINDOWS\System32\KERNELBASE.dll
0x00007ff8ba630000 - 0x00007ff8ba6d3000 	C:\WINDOWS\System32\ADVAPI32.dll
0x00007ff8ba790000 - 0x00007ff8ba82e000 	C:\WINDOWS\System32\msvcrt.dll
0x00007ff8ba020000 - 0x00007ff8ba0b7000 	C:\WINDOWS\System32\sechost.dll
0x00007ff8ba1c0000 - 0x00007ff8ba2e0000 	C:\WINDOWS\System32\RPCRT4.dll
0x00007ff8ba490000 - 0x00007ff8ba625000 	C:\WINDOWS\System32\USER32.dll
0x00007ff8b7ef0000 - 0x00007ff8b7f11000 	C:\WINDOWS\System32\win32u.dll
0x00007ff8b8de0000 - 0x00007ff8b8e06000 	C:\WINDOWS\System32\GDI32.dll
0x00007ff8b8970000 - 0x00007ff8b8b06000 	C:\WINDOWS\System32\gdi32full.dll
0x00007ff8b8b10000 - 0x00007ff8b8bae000 	C:\WINDOWS\System32\msvcp_win.dll
0x00007ff8b80f0000 - 0x00007ff8b81ea000 	C:\WINDOWS\System32\ucrtbase.dll
0x00007ff8a1fa0000 - 0x00007ff8a2224000 	C:\WINDOWS\WinSxS\amd64_microsoft.windows.common-controls_6595b64144ccf1df_6.0.18362.1082_none_9e8193e1e45b25c1\COMCTL32.dll
0x00007ff8b9530000 - 0x00007ff8b9865000 	C:\WINDOWS\System32\combase.dll
0x00007ff8b7f20000 - 0x00007ff8b7fa0000 	C:\WINDOWS\System32\bcryptPrimitives.dll
0x00007ff8b8c60000 - 0x00007ff8b8c8e000 	C:\WINDOWS\System32\IMM32.DLL
0x000000005fbb0000 - 0x000000005fc82000 	E:\AS\jre\jre\bin\msvcr100.dll
0x000000005fc90000 - 0x00000000604db000 	E:\AS\jre\jre\bin\server\jvm.dll
0x00007ff8ba340000 - 0x00007ff8ba348000 	C:\WINDOWS\System32\PSAPI.DLL
0x00007ff8b1260000 - 0x00007ff8b126a000 	C:\WINDOWS\SYSTEM32\VERSION.dll
0x00007ff8a4a30000 - 0x00007ff8a4a54000 	C:\WINDOWS\SYSTEM32\WINMM.dll
0x00007ff8afcc0000 - 0x00007ff8afcc9000 	C:\WINDOWS\SYSTEM32\WSOCK32.dll
0x00007ff8ba0d0000 - 0x00007ff8ba13f000 	C:\WINDOWS\System32\WS2_32.dll
0x00007ff8ada90000 - 0x00007ff8adabd000 	C:\WINDOWS\SYSTEM32\winmmbase.dll
0x00007ff8b7bd0000 - 0x00007ff8b7c1a000 	C:\WINDOWS\System32\cfgmgr32.dll
0x00007ff8afcb0000 - 0x00007ff8afcbf000 	E:\AS\jre\jre\bin\verify.dll
0x00007ff894650000 - 0x00007ff894679000 	E:\AS\jre\jre\bin\java.dll
0x00007ff896710000 - 0x00007ff896726000 	E:\AS\jre\jre\bin\zip.dll
0x00007ff8b9870000 - 0x00007ff8b9f57000 	C:\WINDOWS\System32\SHELL32.dll
0x00007ff8ba6e0000 - 0x00007ff8ba789000 	C:\WINDOWS\System32\shcore.dll
0x00007ff8b81f0000 - 0x00007ff8b8970000 	C:\WINDOWS\System32\windows.storage.dll
0x00007ff8b79d0000 - 0x00007ff8b79f3000 	C:\WINDOWS\System32\profapi.dll
0x00007ff8b7a00000 - 0x00007ff8b7a4a000 	C:\WINDOWS\System32\powrprof.dll
0x00007ff8b79c0000 - 0x00007ff8b79d0000 	C:\WINDOWS\System32\UMPDC.dll
0x00007ff8b8fd0000 - 0x00007ff8b9022000 	C:\WINDOWS\System32\shlwapi.dll
0x00007ff8b7a50000 - 0x00007ff8b7a61000 	C:\WINDOWS\System32\kernel.appcore.dll
0x00007ff8b7c20000 - 0x00007ff8b7c37000 	C:\WINDOWS\System32\cryptsp.dll
0x00007ff894630000 - 0x00007ff89464a000 	E:\AS\jre\jre\bin\net.dll
0x00007ff8b71b0000 - 0x00007ff8b7217000 	C:\WINDOWS\system32\mswsock.dll
0x00007ff894610000 - 0x00007ff894623000 	E:\AS\jre\jre\bin\nio.dll
0x00007ff89df00000 - 0x00007ff89df27000 	C:\Users\ACER\.gradle\native\f6784746aeab05261644944871eae4fe03e0ef1612fff0a4a95f87b438bc6780\windows-amd64\native-platform.dll
0x00007ff8ad7a0000 - 0x00007ff8ad7ad000 	E:\AS\jre\jre\bin\management.dll
0x00007ff8b6d20000 - 0x00007ff8b6d53000 	C:\WINDOWS\system32\rsaenh.dll
0x00007ff8b7af0000 - 0x00007ff8b7b16000 	C:\WINDOWS\System32\bcrypt.dll
0x00007ff8b78e0000 - 0x00007ff8b7905000 	C:\WINDOWS\SYSTEM32\USERENV.dll
0x00007ff8b7380000 - 0x00007ff8b738c000 	C:\WINDOWS\SYSTEM32\CRYPTBASE.dll
0x00007ff8b6ec0000 - 0x00007ff8b6efa000 	C:\WINDOWS\SYSTEM32\IPHLPAPI.DLL
0x00007ff8b8fc0000 - 0x00007ff8b8fc8000 	C:\WINDOWS\System32\NSI.dll
0x00007ff8b1910000 - 0x00007ff8b1926000 	C:\WINDOWS\SYSTEM32\dhcpcsvc6.DLL
0x00007ff8b13e0000 - 0x00007ff8b13fc000 	C:\WINDOWS\SYSTEM32\dhcpcsvc.DLL
0x00007ff8b6f00000 - 0x00007ff8b6fcb000 	C:\WINDOWS\SYSTEM32\DNSAPI.dll
0x00007ff8b1970000 - 0x00007ff8b197b000 	C:\WINDOWS\SYSTEM32\WINNSI.DLL

VM Arguments:
jvm_args: -Xmx2048m -Dfile.encoding=UTF-8 -Duser.country=US -Duser.language=en -Duser.variant 
java_command: org.gradle.launcher.daemon.bootstrap.GradleDaemon 6.5
java_class_path (initial): C:\Users\ACER\.gradle\wrapper\dists\gradle-6.5-all\2oz4ud9k3tuxjg84bbf55q0tn\gradle-6.5\lib\gradle-launcher-6.5.jar
Launcher Type: SUN_STANDARD

Environment Variables:
PATH=C:\Python37;C:\Python37\Scripts;C:\Program Files\Microsoft MPI\Bin\;C:\WINDOWS\system32;C:\WINDOWS;C:\WINDOWS\System32\Wbem;C:\WINDOWS\System32\WindowsPowerShell\v1.0\;C:\WINDOWS\System32\OpenSSH\;C:\Program Files\dotnet\;C:\Program Files\Microsoft SQL Server\Client SDK\ODBC\110\Tools\Binn\;C:\Program Files\Microsoft SQL Server\Client SDK\ODBC\170\Tools\Binn\;C:\Program Files\Microsoft SQL Server\Client SDK\ODBC\130\Tools\Binn\;C:\Program Files (x86)\Microsoft SQL Server\140\Tools\Binn\;C:\Program Files\Microsoft SQL Server\140\Tools\Binn\;C:\Program Files\Microsoft SQL Server\140\DTS\Binn\;C:\Program Files (x86)\Microsoft SQL Server\150\DTS\Binn\;C:\Program Files\Azure Data Studio\bin;E:\Git\cmd;C:\Program Files\nodejs\;C:\Program Files\Microsoft SQL Server\130\Tools\Binn\;C:\Users\ACER\vcpkg;E:\flutter\bin;C:\Users\ACER\AppData\Roaming\npm;C:\Users\ACER\AppData\Local\Programs\Microsoft VS Code\bin
USERNAME=ACER
OS=Windows_NT
PROCESSOR_IDENTIFIER=AMD64 Family 23 Model 24 Stepping 1, AuthenticAMD



---------------  S Y S T E M  ---------------

OS: Windows 10.0 , 64 bit Build 18362 (10.0.18362.1082)

CPU:total 8 (initial active 8) (8 cores per cpu, 1 threads per core) family 23 model 24 stepping 1, cmov, cx8, fxsr, mmx, sse, sse2, sse3, ssse3, sse4.1, sse4.2, popcnt, avx, avx2, aes, clmul, mmxext, 3dnowpref, lzcnt, sse4a, tsc, tscinvbit, tscinv, bmi1

Memory: 4k page, physical 6228620k(281032k free), swap 14937992k(3684k free)

vm_info: OpenJDK 64-Bit Server VM (25.242-b01) for windows-amd64 JRE (1.8.0_242-release-1644-b01), built by "builder" with MS VC++ 10.0 (VS2010)

time: Mon May 03 17:04:50 2021
timezone: SE Asia Standard Time
elapsed time: 19 seconds (0d 0h 0m 19s)

