#
# There is insufficient memory for the Java Runtime Environment to continue.
# Native memory allocation (malloc) failed to allocate 369696 bytes for Chunk::new
# Possible reasons:
#   The system is out of physical RAM or swap space
#   The process is running with CompressedOops enabled, and the Java Heap may be blocking the growth of the native heap
# Possible solutions:
#   Reduce memory load on the system
#   Increase physical memory or swap space
#   Check if swap backing store is full
#   Decrease Java heap size (-Xmx/-Xms)
#   Decrease number of Java threads
#   Decrease Java thread stack sizes (-Xss)
#   Set larger code cache with -XX:ReservedCodeCacheSize=
#   JVM is running with Unscaled Compressed Oops mode in which the Java heap is
#     placed in the first 4GB address space. The Java Heap base address is the
#     maximum limit for the native heap growth. Please use -XX:HeapBaseMinAddress
#     to set the Java Heap base and to place the Java Heap above 4GB virtual address.
# This output file may be truncated or incomplete.
#
#  Out of Memory Error (allocation.cpp:389), pid=15664, tid=0x0000000000003760
#
# JRE version: OpenJDK Runtime Environment (8.0_242-b01) (build 1.8.0_242-release-1644-b01)
# Java VM: OpenJDK 64-Bit Server VM (25.242-b01 mixed mode windows-amd64 compressed oops)
# Failed to write core dump. Minidumps are not enabled by default on client versions of Windows
#

---------------  T H R E A D  ---------------

Current thread (0x0000000019388000):  JavaThread "C2 CompilerThread1" daemon [_thread_in_native, id=14176, stack(0x0000000019d50000,0x0000000019e50000)]

Stack: [0x0000000019d50000,0x0000000019e50000]
[error occurred during error reporting (printing stack bounds), id 0xc0000005]

Native frames: (J=compiled Java code, j=interpreted, Vv=VM code, C=native code)


Current CompileTask:
C2:   6825 3877       4       jdk.internal.org.objectweb.asm.Frame::execute (2252 bytes)


---------------  P R O C E S S  ---------------

Java Threads: ( => current thread )
  0x000000001ec1d800 JavaThread "Cache worker for Build Output Cleanup Cache (C:\Users\ACER\Desktop\DailyRunning\.gradle\buildOutputCleanup)" [_thread_blocked, id=14132, stack(0x0000000022fe0000,0x00000000230e0000)]
  0x000000001ec19000 JavaThread "jar transforms Thread 94" [_thread_blocked, id=7704, stack(0x00000000284b0000,0x00000000285b0000)]
  0x000000001ec1c000 JavaThread "jar transforms Thread 93" [_thread_blocked, id=11976, stack(0x0000000023180000,0x0000000023280000)]
  0x000000001ab0b000 JavaThread "jar transforms Thread 92" [_thread_blocked, id=17848, stack(0x0000000028290000,0x0000000028390000)]
  0x000000001ab0a000 JavaThread "jar transforms Thread 91" [_thread_blocked, id=8252, stack(0x0000000028190000,0x0000000028290000)]
  0x000000001ab08800 JavaThread "jar transforms Thread 90" [_thread_blocked, id=17068, stack(0x0000000028090000,0x0000000028190000)]
  0x000000001ab08000 JavaThread "jar transforms Thread 89" [_thread_blocked, id=16952, stack(0x0000000027f90000,0x0000000028090000)]
  0x000000001ab07000 JavaThread "jar transforms Thread 88" [_thread_blocked, id=2792, stack(0x0000000027e90000,0x0000000027f90000)]
  0x000000001ab09800 JavaThread "jar transforms Thread 87" [_thread_blocked, id=14172, stack(0x0000000027d90000,0x0000000027e90000)]
  0x000000001ab06800 JavaThread "jar transforms Thread 86" [_thread_blocked, id=9372, stack(0x0000000027c90000,0x0000000027d90000)]
  0x000000001aaff800 JavaThread "jar transforms Thread 85" [_thread_blocked, id=17828, stack(0x0000000027b90000,0x0000000027c90000)]
  0x000000001aaff000 JavaThread "jar transforms Thread 84" [_thread_blocked, id=7104, stack(0x0000000027a90000,0x0000000027b90000)]
  0x000000001ab05800 JavaThread "jar transforms Thread 83" [_thread_blocked, id=16860, stack(0x0000000027990000,0x0000000027a90000)]
  0x000000001aafe000 JavaThread "jar transforms Thread 82" [_thread_blocked, id=15420, stack(0x0000000027890000,0x0000000027990000)]
  0x000000001ab05000 JavaThread "jar transforms Thread 81" [_thread_blocked, id=15680, stack(0x0000000027790000,0x0000000027890000)]
  0x000000001ab04000 JavaThread "jar transforms Thread 80" [_thread_blocked, id=16376, stack(0x0000000027690000,0x0000000027790000)]
  0x000000001ab00800 JavaThread "jar transforms Thread 79" [_thread_blocked, id=16212, stack(0x0000000027590000,0x0000000027690000)]
  0x000000001aafc800 JavaThread "jar transforms Thread 78" [_thread_blocked, id=7524, stack(0x0000000027490000,0x0000000027590000)]
  0x000000001ab01000 JavaThread "jar transforms Thread 77" [_thread_blocked, id=8068, stack(0x0000000027390000,0x0000000027490000)]
  0x000000001ab03800 JavaThread "jar transforms Thread 76" [_thread_blocked, id=7840, stack(0x0000000027290000,0x0000000027390000)]
  0x000000001aafd800 JavaThread "jar transforms Thread 75" [_thread_blocked, id=16772, stack(0x0000000027190000,0x0000000027290000)]
  0x000000001aafc000 JavaThread "jar transforms Thread 74" [_thread_blocked, id=3812, stack(0x0000000027090000,0x0000000027190000)]
  0x000000001ab02000 JavaThread "jar transforms Thread 73" [_thread_blocked, id=18180, stack(0x0000000026f90000,0x0000000027090000)]
  0x000000001ab02800 JavaThread "jar transforms Thread 72" [_thread_blocked, id=18140, stack(0x0000000026e90000,0x0000000026f90000)]
  0x000000001a9ec000 JavaThread "jar transforms Thread 71" [_thread_blocked, id=11268, stack(0x0000000026d90000,0x0000000026e90000)]
  0x000000001a9eb000 JavaThread "jar transforms Thread 70" [_thread_blocked, id=7380, stack(0x0000000026c90000,0x0000000026d90000)]
  0x000000001a9e9000 JavaThread "jar transforms Thread 69" [_thread_blocked, id=16736, stack(0x0000000026b90000,0x0000000026c90000)]
  0x000000001a9e8000 JavaThread "jar transforms Thread 68" [_thread_blocked, id=15508, stack(0x0000000026a90000,0x0000000026b90000)]
  0x000000001a9e9800 JavaThread "jar transforms Thread 67" [_thread_blocked, id=17160, stack(0x0000000026990000,0x0000000026a90000)]
  0x000000001a9e7800 JavaThread "jar transforms Thread 66" [_thread_blocked, id=7652, stack(0x0000000026890000,0x0000000026990000)]
  0x000000001a9e6800 JavaThread "jar transforms Thread 65" [_thread_blocked, id=8480, stack(0x0000000026790000,0x0000000026890000)]
  0x000000001a9ea800 JavaThread "jar transforms Thread 64" [_thread_blocked, id=1356, stack(0x0000000026690000,0x0000000026790000)]
  0x000000001a9e0000 JavaThread "jar transforms Thread 63" [_thread_blocked, id=4744, stack(0x0000000026590000,0x0000000026690000)]
  0x000000001a9e6000 JavaThread "jar transforms Thread 62" [_thread_blocked, id=11108, stack(0x0000000026490000,0x0000000026590000)]
  0x000000001a9e4800 JavaThread "jar transforms Thread 61" [_thread_blocked, id=2356, stack(0x0000000026390000,0x0000000026490000)]
  0x000000001a9e5000 JavaThread "jar transforms Thread 60" [_thread_blocked, id=17764, stack(0x0000000026290000,0x0000000026390000)]
  0x000000001a9de800 JavaThread "jar transforms Thread 59" [_thread_blocked, id=10516, stack(0x0000000026190000,0x0000000026290000)]
  0x000000001a9dd000 JavaThread "jar transforms Thread 58" [_thread_blocked, id=17452, stack(0x0000000026090000,0x0000000026190000)]
  0x000000001a9e0800 JavaThread "jar transforms Thread 57" [_thread_blocked, id=7916, stack(0x0000000025f90000,0x0000000026090000)]
  0x000000001a9e2000 JavaThread "jar transforms Thread 56" [_thread_blocked, id=15688, stack(0x0000000025e90000,0x0000000025f90000)]
  0x000000001a9e3800 JavaThread "jar transforms Thread 55" [_thread_blocked, id=2336, stack(0x0000000025d90000,0x0000000025e90000)]
  0x000000001a9dd800 JavaThread "jar transforms Thread 54" [_thread_blocked, id=1528, stack(0x0000000025c90000,0x0000000025d90000)]
  0x000000001a9df000 JavaThread "jar transforms Thread 53" [_thread_blocked, id=17904, stack(0x0000000025b90000,0x0000000025c90000)]
  0x000000001a9e3000 JavaThread "jar transforms Thread 52" [_thread_blocked, id=12664, stack(0x0000000025a90000,0x0000000025b90000)]
  0x000000001a9e1800 JavaThread "jar transforms Thread 51" [_thread_blocked, id=7836, stack(0x0000000025990000,0x0000000025a90000)]
  0x000000001a7ce800 JavaThread "jar transforms Thread 50" [_thread_blocked, id=2700, stack(0x0000000025890000,0x0000000025990000)]
  0x000000001a7d1800 JavaThread "jar transforms Thread 49" [_thread_blocked, id=6784, stack(0x0000000025790000,0x0000000025890000)]
  0x000000001a7cf800 JavaThread "jar transforms Thread 48" [_thread_blocked, id=9972, stack(0x0000000025690000,0x0000000025790000)]
  0x000000001a7ce000 JavaThread "jar transforms Thread 47" [_thread_blocked, id=13328, stack(0x0000000025590000,0x0000000025690000)]
  0x000000001a7d1000 JavaThread "jar transforms Thread 46" [_thread_blocked, id=8844, stack(0x0000000025490000,0x0000000025590000)]
  0x000000001a7cd000 JavaThread "jar transforms Thread 45" [_thread_blocked, id=13316, stack(0x0000000025390000,0x0000000025490000)]
  0x000000001a7cc800 JavaThread "jar transforms Thread 44" [_thread_blocked, id=4688, stack(0x0000000025290000,0x0000000025390000)]
  0x000000001a7d0000 JavaThread "jar transforms Thread 43" [_thread_blocked, id=17520, stack(0x0000000025190000,0x0000000025290000)]
  0x000000001a7d3000 JavaThread "jar transforms Thread 42" [_thread_blocked, id=12884, stack(0x0000000025090000,0x0000000025190000)]
  0x000000001a7d2800 JavaThread "jar transforms Thread 41" [_thread_blocked, id=17964, stack(0x0000000024f90000,0x0000000025090000)]
  0x000000001a7c5000 JavaThread "jar transforms Thread 40" [_thread_blocked, id=14052, stack(0x0000000024e90000,0x0000000024f90000)]
  0x000000001a7cb800 JavaThread "jar transforms Thread 39" [_thread_blocked, id=10496, stack(0x0000000024d90000,0x0000000024e90000)]
  0x000000001a7c8800 JavaThread "jar transforms Thread 38" [_thread_blocked, id=8816, stack(0x0000000024c90000,0x0000000024d90000)]
  0x000000001a7c8000 JavaThread "jar transforms Thread 37" [_thread_blocked, id=7516, stack(0x0000000024b90000,0x0000000024c90000)]
  0x000000001a7c4000 JavaThread "jar transforms Thread 36" [_thread_blocked, id=12852, stack(0x0000000024a90000,0x0000000024b90000)]
  0x000000001a7c5800 JavaThread "jar transforms Thread 35" [_thread_blocked, id=10820, stack(0x0000000024990000,0x0000000024a90000)]
  0x000000001a7cb000 JavaThread "jar transforms Thread 34" [_thread_blocked, id=15904, stack(0x0000000024890000,0x0000000024990000)]
  0x000000001a7ca000 JavaThread "jar transforms Thread 33" [_thread_blocked, id=17704, stack(0x0000000024790000,0x0000000024890000)]
  0x000000001a7c7000 JavaThread "jar transforms Thread 32" [_thread_blocked, id=6364, stack(0x0000000024690000,0x0000000024790000)]
  0x000000001a7c9800 JavaThread "jar transforms Thread 31" [_thread_blocked, id=17056, stack(0x0000000024590000,0x0000000024690000)]
  0x000000001a7c6800 JavaThread "jar transforms Thread 30" [_thread_blocked, id=4804, stack(0x0000000024490000,0x0000000024590000)]
  0x000000001a896000 JavaThread "jar transforms Thread 29" [_thread_blocked, id=1324, stack(0x0000000024390000,0x0000000024490000)]
  0x000000001a895000 JavaThread "jar transforms Thread 28" [_thread_blocked, id=16544, stack(0x0000000024290000,0x0000000024390000)]
  0x000000001a894800 JavaThread "jar transforms Thread 27" [_thread_blocked, id=1508, stack(0x0000000024190000,0x0000000024290000)]
  0x000000001a896800 JavaThread "jar transforms Thread 26" [_thread_blocked, id=10992, stack(0x0000000024090000,0x0000000024190000)]
  0x000000001a893800 JavaThread "jar transforms Thread 25" [_thread_blocked, id=13512, stack(0x0000000023f90000,0x0000000024090000)]
  0x000000001a893000 JavaThread "jar transforms Thread 24" [_thread_blocked, id=4692, stack(0x0000000023e90000,0x0000000023f90000)]
  0x000000001a892000 JavaThread "jar transforms Thread 23" [_thread_blocked, id=15176, stack(0x0000000023d90000,0x0000000023e90000)]
  0x000000001a897800 JavaThread "jar transforms Thread 22" [_thread_blocked, id=6644, stack(0x0000000023c90000,0x0000000023d90000)]
  0x000000001a88b800 JavaThread "jar transforms Thread 21" [_thread_blocked, id=1584, stack(0x0000000023b90000,0x0000000023c90000)]
  0x000000001a891800 JavaThread "jar transforms Thread 20" [_thread_blocked, id=16348, stack(0x0000000023a90000,0x0000000023b90000)]
  0x000000001a88a000 JavaThread "jar transforms Thread 19" [_thread_blocked, id=4896, stack(0x0000000023990000,0x0000000023a90000)]
  0x000000001a890800 JavaThread "jar transforms Thread 18" [_thread_blocked, id=3520, stack(0x0000000023890000,0x0000000023990000)]
  0x000000001a88f000 JavaThread "jar transforms Thread 17" [_thread_blocked, id=5488, stack(0x0000000023790000,0x0000000023890000)]
  0x000000001a889000 JavaThread "jar transforms Thread 16" [_thread_blocked, id=11360, stack(0x0000000023690000,0x0000000023790000)]
  0x000000001a88e800 JavaThread "jar transforms Thread 15" [_thread_blocked, id=7712, stack(0x0000000023590000,0x0000000023690000)]
  0x000000001a88a800 JavaThread "jar transforms Thread 14" [_thread_blocked, id=10628, stack(0x0000000023490000,0x0000000023590000)]
  0x000000001a88d800 JavaThread "jar transforms Thread 13" [_thread_blocked, id=9952, stack(0x0000000023390000,0x0000000023490000)]
  0x000000001a88d000 JavaThread "jar transforms Thread 12" [_thread_blocked, id=13020, stack(0x0000000023290000,0x0000000023390000)]
  0x000000001a88c000 JavaThread "jar transforms Thread 11" [_thread_blocked, id=11964, stack(0x0000000022ee0000,0x0000000022fe0000)]
  0x000000001a890000 JavaThread "jar transforms Thread 10" [_thread_blocked, id=17048, stack(0x0000000022de0000,0x0000000022ee0000)]
  0x000000001a888800 JavaThread "jar transforms Thread 9" [_thread_blocked, id=5020, stack(0x0000000022ce0000,0x0000000022de0000)]
  0x000000001c81d800 JavaThread "jar transforms Thread 8" [_thread_blocked, id=8648, stack(0x0000000022be0000,0x0000000022ce0000)]
  0x000000001c81d000 JavaThread "jar transforms Thread 7" [_thread_blocked, id=15624, stack(0x0000000022ae0000,0x0000000022be0000)]
  0x000000001c81e800 JavaThread "jar transforms Thread 6" [_thread_blocked, id=10408, stack(0x00000000229e0000,0x0000000022ae0000)]
  0x000000001c81c000 JavaThread "jar transforms Thread 5" [_thread_blocked, id=13556, stack(0x00000000228e0000,0x00000000229e0000)]
  0x000000001c81b800 JavaThread "jar transforms Thread 4" [_thread_blocked, id=8120, stack(0x00000000227e0000,0x00000000228e0000)]
  0x000000001c81f000 JavaThread "jar transforms Thread 3" [_thread_blocked, id=16648, stack(0x00000000226e0000,0x00000000227e0000)]
  0x000000001c81a000 JavaThread "jar transforms Thread 2" [_thread_blocked, id=6656, stack(0x00000000225e0000,0x00000000226e0000)]
  0x000000001c820000 JavaThread "Build operations Thread 8" [_thread_blocked, id=14588, stack(0x00000000224e0000,0x00000000225e0000)]
  0x000000001c81a800 JavaThread "Build operations Thread 7" [_thread_blocked, id=18388, stack(0x00000000223e0000,0x00000000224e0000)]
  0x000000001c812000 JavaThread "Build operations Thread 6" [_thread_blocked, id=4364, stack(0x00000000222e0000,0x00000000223e0000)]
  0x000000001c819000 JavaThread "Build operations Thread 5" [_thread_blocked, id=4076, stack(0x00000000221e0000,0x00000000222e0000)]
  0x000000001c818800 JavaThread "Build operations Thread 4" [_thread_blocked, id=13252, stack(0x00000000220e0000,0x00000000221e0000)]
  0x000000001c817000 JavaThread "Build operations Thread 3" [_thread_blocked, id=12940, stack(0x0000000021fe0000,0x00000000220e0000)]
  0x000000001c816000 JavaThread "Build operations Thread 2" [_thread_blocked, id=396, stack(0x0000000021ee0000,0x0000000021fe0000)]
  0x000000001c814000 JavaThread "Build operations" [_thread_blocked, id=4360, stack(0x0000000021b80000,0x0000000021c80000)]
  0x000000001af11800 JavaThread "Cache worker for file content cache (C:\Users\ACER\.gradle\caches\6.5\fileContent)" [_thread_blocked, id=12820, stack(0x0000000021680000,0x0000000021780000)]
  0x000000001af17800 JavaThread "jar transforms" [_thread_blocked, id=16828, stack(0x0000000021580000,0x0000000021680000)]
  0x000000001af16800 JavaThread "Cache worker for execution history cache (C:\Users\ACER\.gradle\caches\6.5\executionHistory)" [_thread_blocked, id=15444, stack(0x0000000020e80000,0x0000000020f80000)]
  0x000000001af16000 JavaThread "Cache worker for cache directory md-rule (C:\Users\ACER\.gradle\caches\6.5\md-rule)" [_thread_blocked, id=13500, stack(0x0000000020d80000,0x0000000020e80000)]
  0x000000001af12000 JavaThread "Cache worker for cache directory md-supplier (C:\Users\ACER\.gradle\caches\6.5\md-supplier)" [_thread_blocked, id=2160, stack(0x0000000020c80000,0x0000000020d80000)]
  0x000000001af13800 JavaThread "Cache worker for checksums cache (C:\Users\ACER\Desktop\DailyRunning\.gradle\checksums)" [_thread_blocked, id=5840, stack(0x0000000020610000,0x0000000020710000)]
  0x000000001af18000 JavaThread "Cache worker for file hash cache (C:\Users\ACER\Desktop\DailyRunning\.gradle\6.5\fileHashes)" [_thread_blocked, id=6932, stack(0x0000000020980000,0x0000000020a80000)]
  0x000000001af15000 JavaThread "Cache worker for file hash cache (C:\Users\ACER\.gradle\caches\6.5\fileHashes)" [_thread_blocked, id=11608, stack(0x000000001e370000,0x000000001e470000)]
  0x000000001bfb4000 JavaThread "File lock request listener" [_thread_in_native, id=9800, stack(0x000000001e270000,0x000000001e370000)]
  0x000000001b782000 JavaThread "Cache worker for journal cache (C:\Users\ACER\.gradle\caches\journal-1)" [_thread_blocked, id=7296, stack(0x000000001e170000,0x000000001e270000)]
  0x000000001b9e4000 JavaThread "Thread-9" [_thread_blocked, id=12580, stack(0x000000001de70000,0x000000001df70000)]
  0x000000001bacc000 JavaThread "Stdin handler" [_thread_blocked, id=6820, stack(0x000000001dd70000,0x000000001de70000)]
  0x000000001bac6000 JavaThread "Asynchronous log dispatcher for DefaultDaemonConnection: socket connection from /127.0.0.1:59936 to /127.0.0.1:59937" [_thread_blocked, id=3136, stack(0x000000001dc70000,0x000000001dd70000)]
  0x000000001b8f8000 JavaThread "Daemon worker" [_thread_in_Java, id=9112, stack(0x000000001db70000,0x000000001dc70000)]
  0x000000001b8f7000 JavaThread "Cancel handler" [_thread_blocked, id=10764, stack(0x000000001d970000,0x000000001da70000)]
  0x000000001bd6f000 JavaThread "Handler for socket connection from /127.0.0.1:59936 to /127.0.0.1:59937" [_thread_in_native, id=4068, stack(0x000000001d870000,0x000000001d970000)]
  0x000000001bd6c800 JavaThread "Daemon" [_thread_blocked, id=16744, stack(0x000000001d770000,0x000000001d870000)]
  0x000000001bd51800 JavaThread "Daemon periodic checks" [_thread_blocked, id=140, stack(0x000000001d470000,0x000000001d570000)]
  0x000000001bd4b800 JavaThread "Incoming local TCP Connector on port 59936" [_thread_in_native, id=6368, stack(0x000000001d230000,0x000000001d330000)]
  0x000000001b9ca000 JavaThread "Daemon health stats" [_thread_blocked, id=14400, stack(0x000000001cbf0000,0x000000001ccf0000)]
  0x00000000193e9800 JavaThread "Service Thread" daemon [_thread_blocked, id=13712, stack(0x000000001a050000,0x000000001a150000)]
  0x000000001939a000 JavaThread "C1 CompilerThread3" daemon [_thread_blocked, id=15672, stack(0x0000000019f50000,0x000000001a050000)]
  0x0000000019397800 JavaThread "C2 CompilerThread2" daemon [_thread_blocked, id=1948, stack(0x0000000019e50000,0x0000000019f50000)]
=>0x0000000019388000 JavaThread "C2 CompilerThread1" daemon [_thread_in_native, id=14176, stack(0x0000000019d50000,0x0000000019e50000)]
  0x0000000019383800 JavaThread "C2 CompilerThread0" daemon [_thread_blocked, id=17188, stack(0x0000000019c50000,0x0000000019d50000)]
  0x000000001937e000 JavaThread "Attach Listener" daemon [_thread_blocked, id=13432, stack(0x0000000019b50000,0x0000000019c50000)]
  0x000000001937d000 JavaThread "Signal Dispatcher" daemon [_thread_blocked, id=12224, stack(0x0000000019a50000,0x0000000019b50000)]
  0x00000000024f8800 JavaThread "Finalizer" daemon [_thread_blocked, id=2420, stack(0x0000000019850000,0x0000000019950000)]
  0x000000001756c000 JavaThread "Reference Handler" daemon [_thread_blocked, id=8244, stack(0x0000000019750000,0x0000000019850000)]
  0x00000000022fd800 JavaThread "main" [_thread_blocked, id=16936, stack(0x0000000002300000,0x0000000002400000)]

Other Threads:
  0x0000000017568000 VMThread [stack: 0x0000000019250000,0x0000000019350000] [id=14928]
  0x00000000193ea800 WatcherThread [stack: 0x000000001a150000,0x000000001a250000] [id=6496]

VM state:not at safepoint (normal execution)

VM Mutex/Monitor currently owned by a thread: None

heap address: 0x0000000080000000, size: 2048 MB, Compressed Oops mode: 32-bit
Narrow klass base: 0x0000000000000000, Narrow klass shift: 3
Compressed class space size: 1073741824 Address: 0x0000000100000000

Heap:
 PSYoungGen      total 189440K, used 2918K [0x00000000d5580000, 0x00000000e2680000, 0x0000000100000000)
  eden space 177152K, 1% used [0x00000000d5580000,0x00000000d5859ad8,0x00000000e0280000)
  from space 12288K, 0% used [0x00000000e0e80000,0x00000000e0e80000,0x00000000e1a80000)
  to   space 10240K, 0% used [0x00000000e1c80000,0x00000000e1c80000,0x00000000e2680000)
 ParOldGen       total 56832K, used 19902K [0x0000000080000000, 0x0000000083780000, 0x00000000d5580000)
  object space 56832K, 35% used [0x0000000080000000,0x000000008136fac8,0x0000000083780000)
 Metaspace       used 38577K, capacity 40126K, committed 40872K, reserved 1085440K
  class space    used 5310K, capacity 5639K, committed 5808K, reserved 1048576K

Card table byte_map: [0x00000000118c0000,0x0000000011cd0000] byte_map_base: 0x00000000114c0000

Marking Bits: (ParMarkBitMap*) 0x000000006045f030
 Begin Bits: [0x0000000012780000, 0x0000000014780000)
 End Bits:   [0x0000000014780000, 0x0000000016780000)

Polling page: 0x0000000000ac0000

CodeCache: size=245760Kb used=12154Kb max_used=13190Kb free=233605Kb
 bounds [0x0000000002500000, 0x00000000031f0000, 0x0000000011500000]
 total_blobs=4280 nmethods=3576 adapters=617
 compilation: enabled

Compilation events (10 events):
Event: 6.816 Thread 0x000000001939a000 3888   !   3       java.io.FileInputStream::close (62 bytes)
Event: 6.816 Thread 0x0000000019383800 nmethod 3886 0x00000000031c46d0 code [0x00000000031c4820, 0x00000000031c48a8]
Event: 6.817 Thread 0x000000001939a000 nmethod 3888 0x00000000026eca50 code [0x00000000026ecbe0, 0x00000000026ed258]
Event: 6.817 Thread 0x0000000019383800 3887       4       java.util.zip.ZipFile$ZipFileInflaterInputStream::finalize (5 bytes)
Event: 6.817 Thread 0x000000001939a000 3889       3       java.lang.invoke.LambdaFormBuffer::changeName (149 bytes)
Event: 6.817 Thread 0x0000000019383800 nmethod 3887 0x0000000002909010 code [0x0000000002909160, 0x00000000029091e8]
Event: 6.817 Thread 0x000000001939a000 nmethod 3889 0x000000000269b110 code [0x000000000269b2a0, 0x000000000269b888]
Event: 6.820 Thread 0x0000000019383800 3890       4       java.lang.ClassLoader::checkPackageAccess (111 bytes)
Event: 6.820 Thread 0x0000000019383800 nmethod 3890 0x000000000290e050 code [0x000000000290e180, 0x000000000290e218]
Event: 6.822 Thread 0x0000000019397800 nmethod 3884 0x000000000262a010 code [0x000000000262a1c0, 0x000000000262ab08]

GC Heap History (10 events):
Event: 5.256 GC heap before
{Heap before GC invocations=11 (full 2):
 PSYoungGen      total 189440K, used 9527K [0x00000000d5580000, 0x00000000e2680000, 0x0000000100000000)
  eden space 177152K, 0% used [0x00000000d5580000,0x00000000d5580000,0x00000000e0280000)
  from space 12288K, 77% used [0x00000000e0e80000,0x00000000e17cdfb0,0x00000000e1a80000)
  to   space 10240K, 0% used [0x00000000e1c80000,0x00000000e1c80000,0x00000000e2680000)
 ParOldGen       total 38912K, used 7825K [0x0000000080000000, 0x0000000082600000, 0x00000000d5580000)
  object space 38912K, 20% used [0x0000000080000000,0x00000000807a46c0,0x0000000082600000)
 Metaspace       used 34296K, capacity 35414K, committed 35496K, reserved 1079296K
  class space    used 4714K, capacity 5002K, committed 5040K, reserved 1048576K
Event: 5.300 GC heap after
Heap after GC invocations=11 (full 2):
 PSYoungGen      total 189440K, used 0K [0x00000000d5580000, 0x00000000e2680000, 0x0000000100000000)
  eden space 177152K, 0% used [0x00000000d5580000,0x00000000d5580000,0x00000000e0280000)
  from space 12288K, 0% used [0x00000000e0e80000,0x00000000e0e80000,0x00000000e1a80000)
  to   space 10240K, 0% used [0x00000000e1c80000,0x00000000e1c80000,0x00000000e2680000)
 ParOldGen       total 56832K, used 15806K [0x0000000080000000, 0x0000000083780000, 0x00000000d5580000)
  object space 56832K, 27% used [0x0000000080000000,0x0000000080f6f8d0,0x0000000083780000)
 Metaspace       used 34296K, capacity 35414K, committed 35496K, reserved 1079296K
  class space    used 4714K, capacity 5002K, committed 5040K, reserved 1048576K
}
Event: 6.486 GC heap before
{Heap before GC invocations=12 (full 2):
 PSYoungGen      total 189440K, used 144596K [0x00000000d5580000, 0x00000000e2680000, 0x0000000100000000)
  eden space 177152K, 81% used [0x00000000d5580000,0x00000000de2b5158,0x00000000e0280000)
  from space 12288K, 0% used [0x00000000e0e80000,0x00000000e0e80000,0x00000000e1a80000)
  to   space 10240K, 0% used [0x00000000e1c80000,0x00000000e1c80000,0x00000000e2680000)
 ParOldGen       total 56832K, used 15806K [0x0000000080000000, 0x0000000083780000, 0x00000000d5580000)
  object space 56832K, 27% used [0x0000000080000000,0x0000000080f6f8d0,0x0000000083780000)
 Metaspace       used 38766K, capacity 40516K, committed 40616K, reserved 1087488K
  class space    used 5353K, capacity 5742K, committed 5808K, reserved 1048576K
Event: 6.497 GC heap after
Heap after GC invocations=12 (full 2):
 PSYoungGen      total 187392K, used 10224K [0x00000000d5580000, 0x00000000e2680000, 0x0000000100000000)
  eden space 177152K, 0% used [0x00000000d5580000,0x00000000d5580000,0x00000000e0280000)
  from space 10240K, 99% used [0x00000000e1c80000,0x00000000e267c0e0,0x00000000e2680000)
  to   space 12288K, 0% used [0x00000000e0e80000,0x00000000e0e80000,0x00000000e1a80000)
 ParOldGen       total 56832K, used 16345K [0x0000000080000000, 0x0000000083780000, 0x00000000d5580000)
  object space 56832K, 28% used [0x0000000080000000,0x0000000080ff67a0,0x0000000083780000)
 Metaspace       used 38766K, capacity 40516K, committed 40616K, reserved 1087488K
  class space    used 5353K, capacity 5742K, committed 5808K, reserved 1048576K
}
Event: 6.497 GC heap before
{Heap before GC invocations=13 (full 3):
 PSYoungGen      total 187392K, used 10224K [0x00000000d5580000, 0x00000000e2680000, 0x0000000100000000)
  eden space 177152K, 0% used [0x00000000d5580000,0x00000000d5580000,0x00000000e0280000)
  from space 10240K, 99% used [0x00000000e1c80000,0x00000000e267c0e0,0x00000000e2680000)
  to   space 12288K, 0% used [0x00000000e0e80000,0x00000000e0e80000,0x00000000e1a80000)
 ParOldGen       total 56832K, used 16345K [0x0000000080000000, 0x0000000083780000, 0x00000000d5580000)
  object space 56832K, 28% used [0x0000000080000000,0x0000000080ff67a0,0x0000000083780000)
 Metaspace       used 38766K, capacity 40516K, committed 40616K, reserved 1087488K
  class space    used 5353K, capacity 5742K, committed 5808K, reserved 1048576K
Event: 6.675 GC heap after
Heap after GC invocations=13 (full 3):
 PSYoungGen      total 187392K, used 0K [0x00000000d5580000, 0x00000000e2680000, 0x0000000100000000)
  eden space 177152K, 0% used [0x00000000d5580000,0x00000000d5580000,0x00000000e0280000)
  from space 10240K, 0% used [0x00000000e1c80000,0x00000000e1c80000,0x00000000e2680000)
  to   space 12288K, 0% used [0x00000000e0e80000,0x00000000e0e80000,0x00000000e1a80000)
 ParOldGen       total 56832K, used 22770K [0x0000000080000000, 0x0000000083780000, 0x00000000d5580000)
  object space 56832K, 40% used [0x0000000080000000,0x000000008163cab0,0x0000000083780000)
 Metaspace       used 38722K, capacity 40366K, committed 40616K, reserved 1085440K
  class space    used 5339K, capacity 5717K, committed 5808K, reserved 1048576K
}
Event: 6.675 GC heap before
{Heap before GC invocations=14 (full 3):
 PSYoungGen      total 187392K, used 0K [0x00000000d5580000, 0x00000000e2680000, 0x0000000100000000)
  eden space 177152K, 0% used [0x00000000d5580000,0x00000000d5580000,0x00000000e0280000)
  from space 10240K, 0% used [0x00000000e1c80000,0x00000000e1c80000,0x00000000e2680000)
  to   space 12288K, 0% used [0x00000000e0e80000,0x00000000e0e80000,0x00000000e1a80000)
 ParOldGen       total 56832K, used 22770K [0x0000000080000000, 0x0000000083780000, 0x00000000d5580000)
  object space 56832K, 40% used [0x0000000080000000,0x000000008163cab0,0x0000000083780000)
 Metaspace       used 38722K, capacity 40366K, committed 40616K, reserved 1089536K
  class space    used 5339K, capacity 5717K, committed 5808K, reserved 1048576K
Event: 6.677 GC heap after
Heap after GC invocations=14 (full 3):
 PSYoungGen      total 189440K, used 0K [0x00000000d5580000, 0x00000000e2680000, 0x0000000100000000)
  eden space 177152K, 0% used [0x00000000d5580000,0x00000000d5580000,0x00000000e0280000)
  from space 12288K, 0% used [0x00000000e0e80000,0x00000000e0e80000,0x00000000e1a80000)
  to   space 10240K, 0% used [0x00000000e1c80000,0x00000000e1c80000,0x00000000e2680000)
 ParOldGen       total 56832K, used 22770K [0x0000000080000000, 0x0000000083780000, 0x00000000d5580000)
  object space 56832K, 40% used [0x0000000080000000,0x000000008163cab0,0x0000000083780000)
 Metaspace       used 38722K, capacity 40366K, committed 40616K, reserved 1089536K
  class space    used 5339K, capacity 5717K, committed 5808K, reserved 1048576K
}
Event: 6.677 GC heap before
{Heap before GC invocations=15 (full 4):
 PSYoungGen      total 189440K, used 0K [0x00000000d5580000, 0x00000000e2680000, 0x0000000100000000)
  eden space 177152K, 0% used [0x00000000d5580000,0x00000000d5580000,0x00000000e0280000)
  from space 12288K, 0% used [0x00000000e0e80000,0x00000000e0e80000,0x00000000e1a80000)
  to   space 10240K, 0% used [0x00000000e1c80000,0x00000000e1c80000,0x00000000e2680000)
 ParOldGen       total 56832K, used 22770K [0x0000000080000000, 0x0000000083780000, 0x00000000d5580000)
  object space 56832K, 40% used [0x0000000080000000,0x000000008163cab0,0x0000000083780000)
 Metaspace       used 38722K, capacity 40366K, committed 40616K, reserved 1089536K
  class space    used 5339K, capacity 5717K, committed 5808K, reserved 1048576K
Event: 6.807 GC heap after
Heap after GC invocations=15 (full 4):
 PSYoungGen      total 189440K, used 0K [0x00000000d5580000, 0x00000000e2680000, 0x0000000100000000)
  eden space 177152K, 0% used [0x00000000d5580000,0x00000000d5580000,0x00000000e0280000)
  from space 12288K, 0% used [0x00000000e0e80000,0x00000000e0e80000,0x00000000e1a80000)
  to   space 10240K, 0% used [0x00000000e1c80000,0x00000000e1c80000,0x00000000e2680000)
 ParOldGen       total 56832K, used 19902K [0x0000000080000000, 0x0000000083780000, 0x00000000d5580000)
  object space 56832K, 35% used [0x0000000080000000,0x000000008136fac8,0x0000000083780000)
 Metaspace       used 38497K, capacity 39964K, committed 40616K, reserved 1085440K
  class space    used 5292K, capacity 5628K, committed 5808K, reserved 1048576K
}

Deoptimization events (10 events):
Event: 6.237 Thread 0x000000001b9e4000 Uncommon trap: reason=unstable_if action=reinterpret pc=0x0000000002cbef9c method=java.lang.Class.arrayContentsEq([Ljava/lang/Object;[Ljava/lang/Object;)Z @ 1
Event: 6.264 Thread 0x000000001b8f8000 Uncommon trap: reason=predicate action=maybe_recompile pc=0x0000000002a8d458 method=com.google.common.base.CharMatcher.indexIn(Ljava/lang/CharSequence;I)I @ 22
Event: 6.279 Thread 0x000000001b8f8000 Uncommon trap: reason=bimorphic action=maybe_recompile pc=0x0000000002bcc988 method=java.lang.ClassLoader.getPackage(Ljava/lang/String;)Ljava/lang/Package; @ 47
Event: 6.279 Thread 0x000000001b8f8000 Uncommon trap: reason=bimorphic action=maybe_recompile pc=0x0000000002bcc988 method=java.lang.ClassLoader.getPackage(Ljava/lang/String;)Ljava/lang/Package; @ 47
Event: 6.279 Thread 0x000000001b8f8000 Uncommon trap: reason=bimorphic action=maybe_recompile pc=0x0000000002bcc988 method=java.lang.ClassLoader.getPackage(Ljava/lang/String;)Ljava/lang/Package; @ 47
Event: 6.279 Thread 0x000000001b8f8000 Uncommon trap: reason=bimorphic action=maybe_recompile pc=0x0000000002bcc988 method=java.lang.ClassLoader.getPackage(Ljava/lang/String;)Ljava/lang/Package; @ 47
Event: 6.434 Thread 0x000000001b8f8000 Uncommon trap: reason=unstable_if action=reinterpret pc=0x0000000002faca68 method=java.io.BufferedInputStream.read([BII)I @ 56
Event: 6.811 Thread 0x000000001b8f8000 Uncommon trap: reason=unstable_if action=reinterpret pc=0x0000000002c09374 method=java.lang.ref.SoftReference.get()Ljava/lang/Object; @ 6
Event: 6.818 Thread 0x000000001b8f8000 Uncommon trap: reason=unstable_if action=reinterpret pc=0x00000000031d9478 method=java.lang.ref.SoftReference.get()Ljava/lang/Object; @ 6
Event: 6.824 Thread 0x000000001b8f8000 Uncommon trap: reason=unstable_if action=reinterpret pc=0x0000000003188b4c method=java.lang.ref.SoftReference.get()Ljava/lang/Object; @ 6

Classes redefined (0 events):
No events

Internal exceptions (10 events):
Event: 6.237 Thread 0x000000001b9e4000 Implicit null exception at 0x0000000002cbed25 to 0x0000000002cbef8d
Event: 6.239 Thread 0x000000001b9e4000 Exception <a 'java/lang/NoSuchMethodError': <clinit>> (0x00000000d806db48) thrown at [C:\src\AOSP-openjdk-git\hotspot\src\share\vm\prims\jni.cpp, line 1615]
Event: 6.251 Thread 0x000000001b8f8000 Exception <a 'java/lang/ClassNotFoundException': build_7npajh6dhzifdh1itf4mi7pqaBeanInfo> (0x00000000dcfbc1f8) thrown at [C:\src\AOSP-openjdk-git\hotspot\src\share\vm\classfile\systemDictionary.cpp, line 210]
Event: 6.251 Thread 0x000000001b8f8000 Exception <a 'java/lang/ClassNotFoundException': build_7npajh6dhzifdh1itf4mi7pqaCustomizer> (0x00000000dcfc7e38) thrown at [C:\src\AOSP-openjdk-git\hotspot\src\share\vm\classfile\systemDictionary.cpp, line 210]
Event: 6.261 Thread 0x000000001b8f8000 Exception <a 'java/lang/ClassNotFoundException': org/gradle/plugin/use/internal/PluginRequestCollector$PluginDependenciesSpecImplBeanInfo> (0x00000000dd067ac0) thrown at [C:\src\AOSP-openjdk-git\hotspot\src\share\vm\classfile\systemDictionary.cpp, line 21
Event: 6.262 Thread 0x000000001b8f8000 Exception <a 'java/lang/ClassNotFoundException': org/gradle/plugin/use/internal/PluginRequestCollector$PluginDependenciesSpecImplCustomizer> (0x00000000dd0a7a00) thrown at [C:\src\AOSP-openjdk-git\hotspot\src\share\vm\classfile\systemDictionary.cpp, line 
Event: 6.294 Thread 0x000000001b8f8000 Exception <a 'java/lang/ClassNotFoundException': org/gradle/api/internal/plugins/DefaultObjectConfigurationActionBeanInfo> (0x00000000dd3980a0) thrown at [C:\src\AOSP-openjdk-git\hotspot\src\share\vm\classfile\systemDictionary.cpp, line 210]
Event: 6.295 Thread 0x000000001b8f8000 Exception <a 'java/lang/ClassNotFoundException': org/gradle/api/internal/plugins/DefaultObjectConfigurationActionCustomizer> (0x00000000dd3dc820) thrown at [C:\src\AOSP-openjdk-git\hotspot\src\share\vm\classfile\systemDictionary.cpp, line 210]
Event: 6.818 Thread 0x000000001b8f8000 Implicit null exception at 0x00000000031d5df4 to 0x00000000031d946d
Event: 6.824 Thread 0x000000001b8f8000 Implicit null exception at 0x00000000031887e5 to 0x0000000003188b31

Events (10 events):
Event: 6.822 Thread 0x0000000019397800 flushing nmethod 0x00000000028dbe90
Event: 6.822 loading class org/gradle/internal/execution/steps/CacheStep
Event: 6.822 loading class org/gradle/internal/execution/steps/CacheStep done
Event: 6.823 loading class org/gradle/caching/internal/CacheableEntity
Event: 6.823 loading class org/gradle/caching/internal/CacheableEntity done
Event: 6.823 loading class org/gradle/internal/execution/steps/CancelExecutionStep
Event: 6.823 loading class org/gradle/internal/execution/steps/CancelExecutionStep done
Event: 6.824 Thread 0x000000001b8f8000 Uncommon trap: trap_request=0xffffff65 fr.pc=0x0000000003188b4c
Event: 6.824 Thread 0x000000001b8f8000 DEOPT PACKING pc=0x0000000003188b4c sp=0x000000001dc67c00
Event: 6.824 Thread 0x000000001b8f8000 DEOPT UNPACKING pc=0x000000000254557b sp=0x000000001dc67b08 mode 2


Dynamic libraries:
0x00007ff7b2c00000 - 0x00007ff7b2c31000 	E:\AS\jre\bin\java.exe
0x00007ff8bab00000 - 0x00007ff8bacf0000 	C:\WINDOWS\SYSTEM32\ntdll.dll
0x00007ff8b9f60000 - 0x00007ff8ba012000 	C:\WINDOWS\System32\KERNEL32.DLL
0x00007ff8b7c40000 - 0x00007ff8b7ee5000 	C:\WINDOWS\System32\KERNELBASE.dll
0x00007ff8ba630000 - 0x00007ff8ba6d3000 	C:\WINDOWS\System32\ADVAPI32.dll
0x00007ff8ba790000 - 0x00007ff8ba82e000 	C:\WINDOWS\System32\msvcrt.dll
0x00007ff8ba020000 - 0x00007ff8ba0b7000 	C:\WINDOWS\System32\sechost.dll
0x00007ff8ba1c0000 - 0x00007ff8ba2e0000 	C:\WINDOWS\System32\RPCRT4.dll
0x00007ff8ba490000 - 0x00007ff8ba625000 	C:\WINDOWS\System32\USER32.dll
0x00007ff8b7ef0000 - 0x00007ff8b7f11000 	C:\WINDOWS\System32\win32u.dll
0x00007ff8b8de0000 - 0x00007ff8b8e06000 	C:\WINDOWS\System32\GDI32.dll
0x00007ff8b8970000 - 0x00007ff8b8b06000 	C:\WINDOWS\System32\gdi32full.dll
0x00007ff8b8b10000 - 0x00007ff8b8bae000 	C:\WINDOWS\System32\msvcp_win.dll
0x00007ff8b80f0000 - 0x00007ff8b81ea000 	C:\WINDOWS\System32\ucrtbase.dll
0x00007ff8a1fa0000 - 0x00007ff8a2224000 	C:\WINDOWS\WinSxS\amd64_microsoft.windows.common-controls_6595b64144ccf1df_6.0.18362.1082_none_9e8193e1e45b25c1\COMCTL32.dll
0x00007ff8b9530000 - 0x00007ff8b9865000 	C:\WINDOWS\System32\combase.dll
0x00007ff8b7f20000 - 0x00007ff8b7fa0000 	C:\WINDOWS\System32\bcryptPrimitives.dll
0x00007ff8b8c60000 - 0x00007ff8b8c8e000 	C:\WINDOWS\System32\IMM32.DLL
0x000000005fbb0000 - 0x000000005fc82000 	E:\AS\jre\jre\bin\msvcr100.dll
0x000000005fc90000 - 0x00000000604db000 	E:\AS\jre\jre\bin\server\jvm.dll
0x00007ff8ba340000 - 0x00007ff8ba348000 	C:\WINDOWS\System32\PSAPI.DLL
0x00007ff8b1260000 - 0x00007ff8b126a000 	C:\WINDOWS\SYSTEM32\VERSION.dll
0x00007ff8a4a30000 - 0x00007ff8a4a54000 	C:\WINDOWS\SYSTEM32\WINMM.dll
0x00007ff8afcc0000 - 0x00007ff8afcc9000 	C:\WINDOWS\SYSTEM32\WSOCK32.dll
0x00007ff8ba0d0000 - 0x00007ff8ba13f000 	C:\WINDOWS\System32\WS2_32.dll
0x00007ff8ada90000 - 0x00007ff8adabd000 	C:\WINDOWS\SYSTEM32\winmmbase.dll
0x00007ff8b7bd0000 - 0x00007ff8b7c1a000 	C:\WINDOWS\System32\cfgmgr32.dll
0x00007ff8afcb0000 - 0x00007ff8afcbf000 	E:\AS\jre\jre\bin\verify.dll
0x00007ff894650000 - 0x00007ff894679000 	E:\AS\jre\jre\bin\java.dll
0x00007ff896710000 - 0x00007ff896726000 	E:\AS\jre\jre\bin\zip.dll
0x00007ff8b9870000 - 0x00007ff8b9f57000 	C:\WINDOWS\System32\SHELL32.dll
0x00007ff8ba6e0000 - 0x00007ff8ba789000 	C:\WINDOWS\System32\shcore.dll
0x00007ff8b81f0000 - 0x00007ff8b8970000 	C:\WINDOWS\System32\windows.storage.dll
0x00007ff8b79d0000 - 0x00007ff8b79f3000 	C:\WINDOWS\System32\profapi.dll
0x00007ff8b7a00000 - 0x00007ff8b7a4a000 	C:\WINDOWS\System32\powrprof.dll
0x00007ff8b79c0000 - 0x00007ff8b79d0000 	C:\WINDOWS\System32\UMPDC.dll
0x00007ff8b8fd0000 - 0x00007ff8b9022000 	C:\WINDOWS\System32\shlwapi.dll
0x00007ff8b7a50000 - 0x00007ff8b7a61000 	C:\WINDOWS\System32\kernel.appcore.dll
0x00007ff8b7c20000 - 0x00007ff8b7c37000 	C:\WINDOWS\System32\cryptsp.dll
0x00007ff894630000 - 0x00007ff89464a000 	E:\AS\jre\jre\bin\net.dll
0x00007ff8b71b0000 - 0x00007ff8b7217000 	C:\WINDOWS\system32\mswsock.dll
0x00007ff894610000 - 0x00007ff894623000 	E:\AS\jre\jre\bin\nio.dll
0x00007ff89df00000 - 0x00007ff89df27000 	C:\Users\ACER\.gradle\native\f6784746aeab05261644944871eae4fe03e0ef1612fff0a4a95f87b438bc6780\windows-amd64\native-platform.dll
0x00007ff8ad7a0000 - 0x00007ff8ad7ad000 	E:\AS\jre\jre\bin\management.dll
0x00007ff8b6d20000 - 0x00007ff8b6d53000 	C:\WINDOWS\system32\rsaenh.dll
0x00007ff8b7af0000 - 0x00007ff8b7b16000 	C:\WINDOWS\System32\bcrypt.dll
0x00007ff8b78e0000 - 0x00007ff8b7905000 	C:\WINDOWS\SYSTEM32\USERENV.dll
0x00007ff8b7380000 - 0x00007ff8b738c000 	C:\WINDOWS\SYSTEM32\CRYPTBASE.dll
0x00007ff8b6ec0000 - 0x00007ff8b6efa000 	C:\WINDOWS\SYSTEM32\IPHLPAPI.DLL
0x00007ff8b8fc0000 - 0x00007ff8b8fc8000 	C:\WINDOWS\System32\NSI.dll
0x00007ff8b1910000 - 0x00007ff8b1926000 	C:\WINDOWS\SYSTEM32\dhcpcsvc6.DLL
0x00007ff8b13e0000 - 0x00007ff8b13fc000 	C:\WINDOWS\SYSTEM32\dhcpcsvc.DLL
0x00007ff8b6f00000 - 0x00007ff8b6fcb000 	C:\WINDOWS\SYSTEM32\DNSAPI.dll
0x00007ff8b1970000 - 0x00007ff8b197b000 	C:\WINDOWS\SYSTEM32\WINNSI.DLL

VM Arguments:
jvm_args: -Xmx2048m -Dfile.encoding=UTF-8 -Duser.country=US -Duser.language=en -Duser.variant 
java_command: org.gradle.launcher.daemon.bootstrap.GradleDaemon 6.5
java_class_path (initial): C:\Users\ACER\.gradle\wrapper\dists\gradle-6.5-all\2oz4ud9k3tuxjg84bbf55q0tn\gradle-6.5\lib\gradle-launcher-6.5.jar
Launcher Type: SUN_STANDARD

Environment Variables:
PATH=C:\Python37;C:\Python37\Scripts;C:\Program Files\Microsoft MPI\Bin\;C:\WINDOWS\system32;C:\WINDOWS;C:\WINDOWS\System32\Wbem;C:\WINDOWS\System32\WindowsPowerShell\v1.0\;C:\WINDOWS\System32\OpenSSH\;C:\Program Files\dotnet\;C:\Program Files\Microsoft SQL Server\Client SDK\ODBC\110\Tools\Binn\;C:\Program Files\Microsoft SQL Server\Client SDK\ODBC\170\Tools\Binn\;C:\Program Files\Microsoft SQL Server\Client SDK\ODBC\130\Tools\Binn\;C:\Program Files (x86)\Microsoft SQL Server\140\Tools\Binn\;C:\Program Files\Microsoft SQL Server\140\Tools\Binn\;C:\Program Files\Microsoft SQL Server\140\DTS\Binn\;C:\Program Files (x86)\Microsoft SQL Server\150\DTS\Binn\;C:\Program Files\Azure Data Studio\bin;E:\Git\cmd;C:\Program Files\nodejs\;C:\Program Files\Microsoft SQL Server\130\Tools\Binn\;C:\Users\ACER\vcpkg;E:\flutter\bin;C:\Users\ACER\AppData\Roaming\npm;C:\Users\ACER\AppData\Local\Programs\Microsoft VS Code\bin
USERNAME=ACER
OS=Windows_NT
PROCESSOR_IDENTIFIER=AMD64 Family 23 Model 24 Stepping 1, AuthenticAMD



---------------  S Y S T E M  ---------------

OS: Windows 10.0 , 64 bit Build 18362 (10.0.18362.1082)

CPU:total 8 (initial active 8) (8 cores per cpu, 1 threads per core) family 23 model 24 stepping 1, cmov, cx8, fxsr, mmx, sse, sse2, sse3, ssse3, sse4.1, sse4.2, popcnt, avx, avx2, aes, clmul, mmxext, 3dnowpref, lzcnt, sse4a, tsc, tscinvbit, tscinv, bmi1

Memory: 4k page, physical 6228620k(314780k free), swap 14937992k(5080k free)

vm_info: OpenJDK 64-Bit Server VM (25.242-b01) for windows-amd64 JRE (1.8.0_242-release-1644-b01), built by "builder" with MS VC++ 10.0 (VS2010)

time: Mon May 03 17:03:56 2021
timezone: SE Asia Standard Time
elapsed time: 6 seconds (0d 0h 0m 6s)

